#! /usr/bin/vvp
:ivl_version "10.3 (stable)";
:ivl_delay_selection "TYPICAL";
:vpi_time_precision + 0;
:vpi_module "system";
:vpi_module "vhdl_sys";
:vpi_module "v2005_math";
:vpi_module "va_math";
S_0x56402f7aff60 .scope module, "rlbp_macro" "rlbp_macro" 2 19;
 .timescale 0 0;
    .port_info 0 /INPUT 1 "wb_clk_i"
    .port_info 1 /INPUT 1 "wb_rst_i"
    .port_info 2 /INPUT 1 "wbs_stb_i"
    .port_info 3 /INPUT 1 "wbs_cyc_i"
    .port_info 4 /INPUT 1 "wbs_we_i"
    .port_info 5 /INPUT 4 "wbs_sel_i"
    .port_info 6 /INPUT 32 "wbs_dat_i"
    .port_info 7 /INPUT 32 "wbs_adr_i"
    .port_info 8 /OUTPUT 1 "wbs_ack_o"
    .port_info 9 /OUTPUT 32 "wbs_dat_o"
    .port_info 10 /INPUT 128 "la_data_in"
    .port_info 11 /OUTPUT 128 "la_data_out"
    .port_info 12 /INPUT 128 "la_oenb"
    .port_info 13 /INPUT 2 "io_in"
    .port_info 14 /OUTPUT 2 "io_out"
    .port_info 15 /OUTPUT 2 "io_oeb"
    .port_info 16 /OUTPUT 3 "irq"
P_0x56402f772ca0 .param/l "BITS" 0 2 20, +C4<00000000000000000000000000100000>;
o0x7fb67f1e13f8 .functor BUFZ 1, C4<z>; HiZ drive
o0x7fb67f1e14e8 .functor BUFZ 1, C4<z>; HiZ drive
L_0x56402f778190 .functor AND 1, o0x7fb67f1e13f8, o0x7fb67f1e14e8, C4<1>, C4<1>;
o0x7fb67f1e14b8 .functor BUFZ 4, C4<zzzz>; HiZ drive
L_0x56402f778080 .functor AND 4, o0x7fb67f1e14b8, L_0x56402f7e4780, C4<1111>, C4<1111>;
L_0x56402f777f70 .functor BUFZ 32, v0x56402f7e13b0_0, C4<00000000000000000000000000000000>, C4<00000000000000000000000000000000>, C4<00000000000000000000000000000000>;
o0x7fb67f1e1428 .functor BUFZ 32, C4<zzzzzzzzzzzzzzzzzzzzzzzzzzzzzzzz>; HiZ drive
L_0x56402f7784c0 .functor BUFZ 32, o0x7fb67f1e1428, C4<00000000000000000000000000000000>, C4<00000000000000000000000000000000>, C4<00000000000000000000000000000000>;
L_0x56402f7783b0 .functor BUFZ 1, v0x56402f7e1b90_0, C4<0>, C4<0>, C4<0>;
o0x7fb67f1e1338 .functor BUFZ 1, C4<z>; HiZ drive
L_0x56402f7782a0 .functor BUFZ 1, o0x7fb67f1e1338, C4<0>, C4<0>, C4<0>;
o0x7fb67f1e1368 .functor BUFZ 1, C4<z>; HiZ drive
L_0x56402f7785d0 .functor BUFZ 1, o0x7fb67f1e1368, C4<0>, C4<0>, C4<0>;
v0x56402f7e0120_0 .net *"_s23", 3 0, L_0x56402f7e3db0;  1 drivers
v0x56402f7e0220_0 .net *"_s44", 3 0, L_0x56402f7e4780;  1 drivers
v0x56402f7e0300_0 .net *"_s53", 3 0, L_0x56402f7e4930;  1 drivers
v0x56402f7e03f0_0 .net *"_s54", 31 0, L_0x56402f7e49d0;  1 drivers
L_0x7fb67f197018 .functor BUFT 1, C4<0000000000000000000000000000>, C4<0>, C4<0>, C4<0>;
v0x56402f7e04d0_0 .net *"_s57", 27 0, L_0x7fb67f197018;  1 drivers
L_0x7fb67f197060 .functor BUFT 1, C4<00000000000000000000000000000011>, C4<0>, C4<0>, C4<0>;
v0x56402f7e0600_0 .net/2u *"_s58", 31 0, L_0x7fb67f197060;  1 drivers
v0x56402f7e06e0_0 .net *"_s60", 0 0, L_0x56402f7f4ba0;  1 drivers
L_0x7fb67f1970a8 .functor BUFT 1, C4<01>, C4<0>, C4<0>, C4<0>;
v0x56402f7e07a0_0 .net/2s *"_s62", 1 0, L_0x7fb67f1970a8;  1 drivers
L_0x7fb67f1970f0 .functor BUFT 1, C4<00>, C4<0>, C4<0>, C4<0>;
v0x56402f7e0880_0 .net/2s *"_s64", 1 0, L_0x7fb67f1970f0;  1 drivers
v0x56402f7e0960_0 .net *"_s66", 1 0, L_0x56402f7f4ce0;  1 drivers
v0x56402f7e0a40_0 .net "addr_valid", 0 0, L_0x56402f7f4f50;  1 drivers
v0x56402f7e0b00_0 .net "clk", 0 0, L_0x56402f7782a0;  1 drivers
v0x56402f7e0ba0_0 .var "control_reg_rlbp_fsm", 11 0;
o0x7fb67f1e1188 .functor BUFZ 2, C4<zz>; HiZ drive
v0x56402f7e0c80_0 .net "io_in", -1 0, o0x7fb67f1e1188;  0 drivers
o0x7fb67f1e11b8 .functor BUFZ 2, C4<zz>; HiZ drive
v0x56402f7e0d60_0 .net "io_oeb", -1 0, o0x7fb67f1e11b8;  0 drivers
o0x7fb67f1e11e8 .functor BUFZ 2, C4<zz>; HiZ drive
v0x56402f7e0e40_0 .net "io_out", -1 0, o0x7fb67f1e11e8;  0 drivers
o0x7fb67f1e1218 .functor BUFZ 3, C4<zzz>; HiZ drive
v0x56402f7e0f20_0 .net "irq", 2 0, o0x7fb67f1e1218;  0 drivers
o0x7fb67f1e1248 .functor BUFZ 128, C4<zzzzzzzzzzzzzzzzzzzzzzzzzzzzzzzzzzzzzzzzzzzzzzzzzzzzzzzzzzzzzzzzzzzzzzzzzzzzzzzzzzzzzzzzzzzzzzzzzzzzzzzzzzzzzzzzzzzzzzzzzzzzzzzz>; HiZ drive
v0x56402f7e1110_0 .net "la_data_in", 127 0, o0x7fb67f1e1248;  0 drivers
o0x7fb67f1e1278 .functor BUFZ 128, C4<zzzzzzzzzzzzzzzzzzzzzzzzzzzzzzzzzzzzzzzzzzzzzzzzzzzzzzzzzzzzzzzzzzzzzzzzzzzzzzzzzzzzzzzzzzzzzzzzzzzzzzzzzzzzzzzzzzzzzzzzzzzzzzzz>; HiZ drive
v0x56402f7e11f0_0 .net "la_data_out", 127 0, o0x7fb67f1e1278;  0 drivers
o0x7fb67f1e12a8 .functor BUFZ 128, C4<zzzzzzzzzzzzzzzzzzzzzzzzzzzzzzzzzzzzzzzzzzzzzzzzzzzzzzzzzzzzzzzzzzzzzzzzzzzzzzzzzzzzzzzzzzzzzzzzzzzzzzzzzzzzzzzzzzzzzzzzzzzzzzzz>; HiZ drive
v0x56402f7e12d0_0 .net "la_oenb", 127 0, o0x7fb67f1e12a8;  0 drivers
v0x56402f7e13b0_0 .var "rdata", 31 0;
v0x56402f7e1490_0 .net "rst", 0 0, L_0x56402f7785d0;  1 drivers
v0x56402f7e1530_0 .net "valid", 0 0, L_0x56402f778190;  1 drivers
v0x56402f7e15f0_0 .net "wb_clk_i", 0 0, o0x7fb67f1e1338;  0 drivers
v0x56402f7e16b0_0 .net "wb_rst_i", 0 0, o0x7fb67f1e1368;  0 drivers
v0x56402f7e1770_0 .net "wbs_ack_o", 0 0, L_0x56402f7783b0;  1 drivers
o0x7fb67f1e13c8 .functor BUFZ 32, C4<zzzzzzzzzzzzzzzzzzzzzzzzzzzzzzzz>; HiZ drive
v0x56402f7e1830_0 .net "wbs_adr_i", 31 0, o0x7fb67f1e13c8;  0 drivers
v0x56402f7e1910_0 .net "wbs_cyc_i", 0 0, o0x7fb67f1e13f8;  0 drivers
v0x56402f7e19d0_0 .net "wbs_dat_i", 31 0, o0x7fb67f1e1428;  0 drivers
v0x56402f7e1ab0_0 .net "wbs_dat_o", 31 0, L_0x56402f777f70;  1 drivers
v0x56402f7e1b90_0 .var "wbs_done", 0 0;
v0x56402f7e1c50_0 .net "wbs_sel_i", 3 0, o0x7fb67f1e14b8;  0 drivers
v0x56402f7e1d30_0 .net "wbs_stb_i", 0 0, o0x7fb67f1e14e8;  0 drivers
o0x7fb67f1e1518 .functor BUFZ 1, C4<z>; HiZ drive
v0x56402f7e1df0_0 .net "wbs_we_i", 0 0, o0x7fb67f1e1518;  0 drivers
v0x56402f7e1eb0_0 .net "wdata", 31 0, L_0x56402f7784c0;  1 drivers
RS_0x7fb67f1e0018 .resolv tri, v0x56402f7bbfc0_0, L_0x56402f7e3f60;
v0x56402f7e1f90_0 .net8 "wire_ce_d1", 0 0, RS_0x7fb67f1e0018;  2 drivers
RS_0x7fb67f1e0048 .resolv tri, v0x56402f7bc060_0, L_0x56402f7e4080;
v0x56402f7e2030_0 .net8 "wire_ce_d2", 0 0, RS_0x7fb67f1e0048;  2 drivers
RS_0x7fb67f1e0078 .resolv tri, v0x56402f7dcab0_0, L_0x56402f7e4120;
v0x56402f7e2120_0 .net8 "wire_ce_d3", 0 0, RS_0x7fb67f1e0078;  2 drivers
RS_0x7fb67f1e00d8 .resolv tri, v0x56402f7dcc10_0, L_0x56402f7e3ec0;
v0x56402f7e2210_0 .net8 "wire_control_signals", 1 0, RS_0x7fb67f1e00d8;  2 drivers
v0x56402f7e2320_0 .net "wire_d", 3 0, L_0x56402f7e4390;  1 drivers
v0x56402f7e23e0_0 .net "wire_data_in", 0 0, L_0x56402f7e4430;  1 drivers
v0x56402f7e24d0_0 .net "wire_data_out", 3 0, v0x56402f7de6f0_0;  1 drivers
v0x56402f7e25c0_0 .net "wire_data_sel", 1 0, L_0x56402f7e44d0;  1 drivers
v0x56402f7e2680_0 .net "wire_gpio_start", 0 0, L_0x56402f7e4250;  1 drivers
v0x56402f7e2770_0 .net "wire_logic_analyzer_start", 0 0, L_0x56402f7e42f0;  1 drivers
RS_0x7fb67f1e04f8 .resolv tri, v0x56402f7ddae0_0, L_0x56402f7e3860;
v0x56402f7e2860_0 .net8 "wire_q1_1", 0 0, RS_0x7fb67f1e04f8;  2 drivers
RS_0x7fb67f1e0528 .resolv tri, v0x56402f7ddba0_0, L_0x56402f7e37c0;
v0x56402f7e2950_0 .net8 "wire_q1_2", 0 0, RS_0x7fb67f1e0528;  2 drivers
RS_0x7fb67f1e0558 .resolv tri, v0x56402f7ddc60_0, L_0x56402f7e3720;
v0x56402f7e2a40_0 .net8 "wire_q1_3", 0 0, RS_0x7fb67f1e0558;  2 drivers
RS_0x7fb67f1e0588 .resolv tri, v0x56402f7ddd20_0, L_0x56402f7e3a80;
v0x56402f7e2b30_0 .net8 "wire_q2_1", 0 0, RS_0x7fb67f1e0588;  2 drivers
RS_0x7fb67f1e05b8 .resolv tri, v0x56402f7ddde0_0, L_0x56402f7e39e0;
v0x56402f7e2c20_0 .net8 "wire_q2_2", 0 0, RS_0x7fb67f1e05b8;  2 drivers
RS_0x7fb67f1e05e8 .resolv tri, v0x56402f7ddea0_0, L_0x56402f7e3900;
v0x56402f7e2d10_0 .net8 "wire_q2_3", 0 0, RS_0x7fb67f1e05e8;  2 drivers
RS_0x7fb67f1e0618 .resolv tri, v0x56402f7ddf60_0, L_0x56402f7e3d10;
v0x56402f7e2e00_0 .net8 "wire_q3_1", 0 0, RS_0x7fb67f1e0618;  2 drivers
RS_0x7fb67f1e0648 .resolv tri, v0x56402f7de020_0, L_0x56402f7e3c10;
v0x56402f7e2ef0_0 .net8 "wire_q3_2", 0 0, RS_0x7fb67f1e0648;  2 drivers
RS_0x7fb67f1e0678 .resolv tri, v0x56402f7de0e0_0, L_0x56402f7e3b70;
v0x56402f7e2fe0_0 .net8 "wire_q3_3", 0 0, RS_0x7fb67f1e0678;  2 drivers
RS_0x7fb67f1e01c8 .resolv tri, v0x56402f7dd060_0, L_0x56402f7e3590;
v0x56402f7e30d0_0 .net8 "wire_reset_fsm", 0 0, RS_0x7fb67f1e01c8;  2 drivers
RS_0x7fb67f1e01f8 .resolv tri, v0x56402f7dd120_0, L_0x56402f7e3630;
v0x56402f7e31c0_0 .net8 "wire_rlbp_done", 0 0, RS_0x7fb67f1e01f8;  2 drivers
v0x56402f7e32b0_0 .net "wstrb", 3 0, L_0x56402f778080;  1 drivers
E_0x56402f7978c0 .event posedge, v0x56402f7dcb50_0;
L_0x56402f7e3590 .part o0x7fb67f1e1278, 22, 1;
L_0x56402f7e3630 .part o0x7fb67f1e1278, 23, 1;
L_0x56402f7e3720 .part o0x7fb67f1e1278, 24, 1;
L_0x56402f7e37c0 .part o0x7fb67f1e1278, 25, 1;
L_0x56402f7e3860 .part o0x7fb67f1e1278, 26, 1;
L_0x56402f7e3900 .part o0x7fb67f1e1278, 27, 1;
L_0x56402f7e39e0 .part o0x7fb67f1e1278, 28, 1;
L_0x56402f7e3a80 .part o0x7fb67f1e1278, 29, 1;
L_0x56402f7e3b70 .part o0x7fb67f1e1278, 30, 1;
L_0x56402f7e3c10 .part o0x7fb67f1e1278, 31, 1;
L_0x56402f7e3d10 .part o0x7fb67f1e1278, 32, 1;
L_0x56402f7e3db0 .part o0x7fb67f1e1278, 33, 4;
L_0x56402f7e3ec0 .part L_0x56402f7e3db0, 0, 2;
L_0x56402f7e3f60 .part v0x56402f7e0ba0_0, 0, 1;
L_0x56402f7e4080 .part v0x56402f7e0ba0_0, 1, 1;
L_0x56402f7e4120 .part v0x56402f7e0ba0_0, 2, 1;
L_0x56402f7e4250 .part v0x56402f7e0ba0_0, 3, 1;
L_0x56402f7e42f0 .part v0x56402f7e0ba0_0, 4, 1;
L_0x56402f7e4430 .part v0x56402f7e0ba0_0, 5, 1;
L_0x56402f7e44d0 .part v0x56402f7e0ba0_0, 6, 2;
L_0x56402f7e4390 .part v0x56402f7e0ba0_0, 8, 4;
L_0x56402f7e4780 .concat [ 1 1 1 1], o0x7fb67f1e1518, o0x7fb67f1e1518, o0x7fb67f1e1518, o0x7fb67f1e1518;
L_0x56402f7e4930 .part o0x7fb67f1e13c8, 28, 4;
L_0x56402f7e49d0 .concat [ 4 28 0 0], L_0x56402f7e4930, L_0x7fb67f197018;
L_0x56402f7f4ba0 .cmp/eq 32, L_0x56402f7e49d0, L_0x7fb67f197060;
L_0x56402f7f4ce0 .functor MUXZ 2, L_0x7fb67f1970f0, L_0x7fb67f1970a8, L_0x56402f7f4ba0, C4<>;
L_0x56402f7f4f50 .part L_0x56402f7f4ce0, 0, 1;
S_0x56402f7afbb0 .scope module, "rlbp_inst0" "rlbp" 2 149, 3 220 0, S_0x56402f7aff60;
 .timescale 0 0;
    .port_info 0 /INPUT 1 "clk"
    .port_info 1 /INPUT 1 "ce_d1"
    .port_info 2 /INPUT 1 "ce_d2"
    .port_info 3 /INPUT 1 "ce_d3"
    .port_info 4 /INPUT 1 "reset"
    .port_info 5 /OUTPUT 1 "reset_fsm"
    .port_info 6 /INPUT 1 "gpio_start"
    .port_info 7 /INPUT 1 "logic_analyzer_start"
    .port_info 8 /OUTPUT 2 "control_signals"
    .port_info 9 /OUTPUT 1 "rlbp_done"
    .port_info 10 /INPUT 1 "data_in"
    .port_info 11 /INPUT 2 "data_sel"
    .port_info 12 /OUTPUT 4 "data_out"
    .port_info 13 /INPUT 4 "d"
    .port_info 14 /OUTPUT 1 "q1_3"
    .port_info 15 /OUTPUT 1 "q1_2"
    .port_info 16 /OUTPUT 1 "q1_1"
    .port_info 17 /OUTPUT 1 "q2_3"
    .port_info 18 /OUTPUT 1 "q2_2"
    .port_info 19 /OUTPUT 1 "q2_1"
    .port_info 20 /OUTPUT 1 "q3_3"
    .port_info 21 /OUTPUT 1 "q3_2"
    .port_info 22 /OUTPUT 1 "q3_1"
L_0x56402f7f5110 .functor BUFZ 2, RS_0x7fb67f1e00d8, C4<00>, C4<00>, C4<00>;
L_0x56402f7f5210 .functor BUFZ 4, v0x56402f7de6f0_0, C4<0000>, C4<0000>, C4<0000>;
L_0x56402f7f5280 .functor BUFZ 1, RS_0x7fb67f1e0018, C4<0>, C4<0>, C4<0>;
L_0x56402f7f5380 .functor BUFZ 1, RS_0x7fb67f1e0048, C4<0>, C4<0>, C4<0>;
L_0x56402f7f5480 .functor BUFZ 1, RS_0x7fb67f1e0078, C4<0>, C4<0>, C4<0>;
v0x56402f7de910_0 .net8 "ce_d1", 0 0, RS_0x7fb67f1e0018;  alias, 2 drivers
v0x56402f7de9e0_0 .net "ce_d1_net", 0 0, L_0x56402f7f5280;  1 drivers
v0x56402f7deab0_0 .net8 "ce_d2", 0 0, RS_0x7fb67f1e0048;  alias, 2 drivers
v0x56402f7debb0_0 .net "ce_d2_net", 0 0, L_0x56402f7f5380;  1 drivers
v0x56402f7dec80_0 .net8 "ce_d3", 0 0, RS_0x7fb67f1e0078;  alias, 2 drivers
v0x56402f7ded70_0 .net "ce_d3_net", 0 0, L_0x56402f7f5480;  1 drivers
v0x56402f7dee40_0 .net "clk", 0 0, L_0x56402f7782a0;  alias, 1 drivers
v0x56402f7def30_0 .net8 "control_signals", 1 0, RS_0x7fb67f1e00d8;  alias, 2 drivers
v0x56402f7defd0_0 .net "d", 3 0, L_0x56402f7e4390;  alias, 1 drivers
v0x56402f7df070_0 .net "data_in", 0 0, L_0x56402f7e4430;  alias, 1 drivers
v0x56402f7df140_0 .net "data_net", 3 0, L_0x56402f7f5210;  1 drivers
v0x56402f7df210_0 .net "data_out", 3 0, v0x56402f7de6f0_0;  alias, 1 drivers
v0x56402f7df2e0_0 .net "data_sel", 1 0, L_0x56402f7e44d0;  alias, 1 drivers
v0x56402f7df380_0 .net "gpio_start", 0 0, L_0x56402f7e4250;  alias, 1 drivers
v0x56402f7df450_0 .net "logic_analyzer_start", 0 0, L_0x56402f7e42f0;  alias, 1 drivers
v0x56402f7df520_0 .net8 "q1_1", 0 0, RS_0x7fb67f1e04f8;  alias, 2 drivers
v0x56402f7df5f0_0 .net8 "q1_2", 0 0, RS_0x7fb67f1e0528;  alias, 2 drivers
v0x56402f7df7d0_0 .net8 "q1_3", 0 0, RS_0x7fb67f1e0558;  alias, 2 drivers
v0x56402f7df8a0_0 .net8 "q2_1", 0 0, RS_0x7fb67f1e0588;  alias, 2 drivers
v0x56402f7df970_0 .net8 "q2_2", 0 0, RS_0x7fb67f1e05b8;  alias, 2 drivers
v0x56402f7dfa40_0 .net8 "q2_3", 0 0, RS_0x7fb67f1e05e8;  alias, 2 drivers
v0x56402f7dfb10_0 .net8 "q3_1", 0 0, RS_0x7fb67f1e0618;  alias, 2 drivers
v0x56402f7dfbe0_0 .net8 "q3_2", 0 0, RS_0x7fb67f1e0648;  alias, 2 drivers
v0x56402f7dfcb0_0 .net8 "q3_3", 0 0, RS_0x7fb67f1e0678;  alias, 2 drivers
v0x56402f7dfd80_0 .net "reset", 0 0, L_0x56402f7785d0;  alias, 1 drivers
v0x56402f7dfe20_0 .net8 "reset_fsm", 0 0, RS_0x7fb67f1e01c8;  alias, 2 drivers
v0x56402f7dfec0_0 .net8 "rlbp_done", 0 0, RS_0x7fb67f1e01f8;  alias, 2 drivers
v0x56402f7dff90_0 .net "sel_net", 1 0, L_0x56402f7f5110;  1 drivers
S_0x56402f78ecb0 .scope module, "inst1" "rlbp_fsm" 3 239, 3 4 0, S_0x56402f7afbb0;
 .timescale 0 0;
    .port_info 0 /INPUT 1 "clk"
    .port_info 1 /INPUT 1 "reset"
    .port_info 2 /OUTPUT 1 "reset_fsm"
    .port_info 3 /INPUT 1 "gpio_start"
    .port_info 4 /OUTPUT 1 "ce_d1"
    .port_info 5 /OUTPUT 1 "ce_d2"
    .port_info 6 /OUTPUT 1 "ce_d3"
    .port_info 7 /INPUT 1 "logic_analyzer_start"
    .port_info 8 /OUTPUT 2 "control_signals"
    .port_info 9 /OUTPUT 1 "rlbp_done"
P_0x56402f741070 .param/l "RESET_RLBP" 0 3 12, C4<0000>;
P_0x56402f7410b0 .param/l "S_REG_1_1" 0 3 12, C4<0011>;
P_0x56402f7410f0 .param/l "S_REG_1_2" 0 3 12, C4<0010>;
P_0x56402f741130 .param/l "S_REG_1_3" 0 3 12, C4<0001>;
P_0x56402f741170 .param/l "S_REG_2_1" 0 3 13, C4<0110>;
P_0x56402f7411b0 .param/l "S_REG_2_2" 0 3 13, C4<0101>;
P_0x56402f7411f0 .param/l "S_REG_2_3" 0 3 13, C4<0100>;
P_0x56402f741230 .param/l "S_REG_3_1" 0 3 14, C4<1001>;
P_0x56402f741270 .param/l "S_REG_3_2" 0 3 14, C4<1000>;
P_0x56402f7412b0 .param/l "S_REG_3_3" 0 3 14, C4<0111>;
P_0x56402f7412f0 .param/l "WAIT" 0 3 14, C4<1010>;
v0x56402f7bbfc0_0 .var "ce_d1", 0 0;
v0x56402f7bc060_0 .var "ce_d2", 0 0;
v0x56402f7dcab0_0 .var "ce_d3", 0 0;
v0x56402f7dcb50_0 .net "clk", 0 0, L_0x56402f7782a0;  alias, 1 drivers
v0x56402f7dcc10_0 .var "control_signals", 1 0;
v0x56402f7dcd40_0 .net "gpio_start", 0 0, L_0x56402f7e4250;  alias, 1 drivers
v0x56402f7dce00_0 .net "logic_analyzer_start", 0 0, L_0x56402f7e42f0;  alias, 1 drivers
v0x56402f7dcec0_0 .var "next_state_rlbp", 3 0;
v0x56402f7dcfa0_0 .net "reset", 0 0, L_0x56402f7785d0;  alias, 1 drivers
v0x56402f7dd060_0 .var "reset_fsm", 0 0;
v0x56402f7dd120_0 .var "rlbp_done", 0 0;
v0x56402f7dd1e0_0 .var "state_rlbp", 3 0;
E_0x56402f798710 .event edge, v0x56402f7dd1e0_0;
E_0x56402f798820 .event edge, v0x56402f7dce00_0, v0x56402f7dcd40_0, v0x56402f7dd1e0_0;
E_0x56402f799730 .event posedge, v0x56402f7dcfa0_0, v0x56402f7dcb50_0;
S_0x56402f7dd400 .scope module, "inst2" "shift_register" 3 252, 3 161 0, S_0x56402f7afbb0;
 .timescale 0 0;
    .port_info 0 /INPUT 1 "clk"
    .port_info 1 /INPUT 1 "ce_d1"
    .port_info 2 /INPUT 1 "ce_d2"
    .port_info 3 /INPUT 1 "ce_d3"
    .port_info 4 /INPUT 1 "reset"
    .port_info 5 /INPUT 4 "d"
    .port_info 6 /OUTPUT 1 "q1_3"
    .port_info 7 /OUTPUT 1 "q1_2"
    .port_info 8 /OUTPUT 1 "q1_1"
    .port_info 9 /OUTPUT 1 "q2_3"
    .port_info 10 /OUTPUT 1 "q2_2"
    .port_info 11 /OUTPUT 1 "q2_1"
    .port_info 12 /OUTPUT 1 "q3_3"
    .port_info 13 /OUTPUT 1 "q3_2"
    .port_info 14 /OUTPUT 1 "q3_1"
v0x56402f7dd710_0 .net "ce_d1", 0 0, L_0x56402f7f5280;  alias, 1 drivers
v0x56402f7dd7d0_0 .net "ce_d2", 0 0, L_0x56402f7f5380;  alias, 1 drivers
v0x56402f7dd890_0 .net "ce_d3", 0 0, L_0x56402f7f5480;  alias, 1 drivers
v0x56402f7dd930_0 .net "clk", 0 0, L_0x56402f7782a0;  alias, 1 drivers
v0x56402f7dd9d0_0 .net "d", 3 0, L_0x56402f7f5210;  alias, 1 drivers
v0x56402f7ddae0_0 .var "q1_1", 0 0;
v0x56402f7ddba0_0 .var "q1_2", 0 0;
v0x56402f7ddc60_0 .var "q1_3", 0 0;
v0x56402f7ddd20_0 .var "q2_1", 0 0;
v0x56402f7ddde0_0 .var "q2_2", 0 0;
v0x56402f7ddea0_0 .var "q2_3", 0 0;
v0x56402f7ddf60_0 .var "q3_1", 0 0;
v0x56402f7de020_0 .var "q3_2", 0 0;
v0x56402f7de0e0_0 .var "q3_3", 0 0;
v0x56402f7de1a0_0 .net "reset", 0 0, L_0x56402f7785d0;  alias, 1 drivers
S_0x56402f7de400 .scope module, "inst3" "rlbp_demux" 3 270, 3 191 0, S_0x56402f7afbb0;
 .timescale 0 0;
    .port_info 0 /INPUT 1 "data_in"
    .port_info 1 /INPUT 2 "data_sel"
    .port_info 2 /OUTPUT 4 "data_out"
v0x56402f7de610_0 .net "data_in", 0 0, L_0x56402f7e4430;  alias, 1 drivers
v0x56402f7de6f0_0 .var "data_out", 3 0;
v0x56402f7de7d0_0 .net "data_sel", 1 0, L_0x56402f7f5110;  alias, 1 drivers
E_0x56402f7c08d0 .event edge, v0x56402f7de7d0_0, v0x56402f7de610_0;
    .scope S_0x56402f78ecb0;
T_0 ;
    %pushi/vec4 0, 0, 4;
    %store/vec4 v0x56402f7dd1e0_0, 0, 4;
    %pushi/vec4 0, 0, 1;
    %store/vec4 v0x56402f7bbfc0_0, 0, 1;
    %pushi/vec4 0, 0, 1;
    %store/vec4 v0x56402f7bc060_0, 0, 1;
    %pushi/vec4 0, 0, 1;
    %store/vec4 v0x56402f7dcab0_0, 0, 1;
    %end;
    .thread T_0;
    .scope S_0x56402f78ecb0;
T_1 ;
    %wait E_0x56402f799730;
    %load/vec4 v0x56402f7dcfa0_0;
    %flag_set/vec4 8;
    %jmp/0xz  T_1.0, 8;
    %pushi/vec4 0, 0, 4;
    %assign/vec4 v0x56402f7dd1e0_0, 0;
    %jmp T_1.1;
T_1.0 ;
    %load/vec4 v0x56402f7dcec0_0;
    %assign/vec4 v0x56402f7dd1e0_0, 0;
T_1.1 ;
    %jmp T_1;
    .thread T_1;
    .scope S_0x56402f78ecb0;
T_2 ;
    %wait E_0x56402f798820;
    %load/vec4 v0x56402f7dd1e0_0;
    %dup/vec4;
    %pushi/vec4 0, 0, 4;
    %cmp/u;
    %jmp/1 T_2.0, 6;
    %dup/vec4;
    %pushi/vec4 1, 0, 4;
    %cmp/u;
    %jmp/1 T_2.1, 6;
    %dup/vec4;
    %pushi/vec4 2, 0, 4;
    %cmp/u;
    %jmp/1 T_2.2, 6;
    %dup/vec4;
    %pushi/vec4 3, 0, 4;
    %cmp/u;
    %jmp/1 T_2.3, 6;
    %dup/vec4;
    %pushi/vec4 4, 0, 4;
    %cmp/u;
    %jmp/1 T_2.4, 6;
    %dup/vec4;
    %pushi/vec4 5, 0, 4;
    %cmp/u;
    %jmp/1 T_2.5, 6;
    %dup/vec4;
    %pushi/vec4 6, 0, 4;
    %cmp/u;
    %jmp/1 T_2.6, 6;
    %dup/vec4;
    %pushi/vec4 7, 0, 4;
    %cmp/u;
    %jmp/1 T_2.7, 6;
    %dup/vec4;
    %pushi/vec4 8, 0, 4;
    %cmp/u;
    %jmp/1 T_2.8, 6;
    %dup/vec4;
    %pushi/vec4 9, 0, 4;
    %cmp/u;
    %jmp/1 T_2.9, 6;
    %dup/vec4;
    %pushi/vec4 10, 0, 4;
    %cmp/u;
    %jmp/1 T_2.10, 6;
    %pushi/vec4 0, 0, 4;
    %store/vec4 v0x56402f7dcec0_0, 0, 4;
    %jmp T_2.12;
T_2.0 ;
    %load/vec4 v0x56402f7dcd40_0;
    %pushi/vec4 0, 0, 1;
    %cmp/e;
    %flag_get/vec4 4;
    %load/vec4 v0x56402f7dce00_0;
    %pushi/vec4 0, 0, 1;
    %cmp/e;
    %flag_get/vec4 4;
    %and;
    %flag_set/vec4 8;
    %jmp/0xz  T_2.13, 8;
    %pushi/vec4 0, 0, 4;
    %store/vec4 v0x56402f7dcec0_0, 0, 4;
    %jmp T_2.14;
T_2.13 ;
    %load/vec4 v0x56402f7dcd40_0;
    %pushi/vec4 1, 0, 1;
    %cmp/e;
    %flag_get/vec4 4;
    %load/vec4 v0x56402f7dce00_0;
    %pushi/vec4 1, 0, 1;
    %cmp/e;
    %flag_get/vec4 4;
    %and;
    %flag_set/vec4 8;
    %jmp/0xz  T_2.15, 8;
    %pushi/vec4 0, 0, 4;
    %store/vec4 v0x56402f7dcec0_0, 0, 4;
    %jmp T_2.16;
T_2.15 ;
    %pushi/vec4 1, 0, 4;
    %store/vec4 v0x56402f7dcec0_0, 0, 4;
T_2.16 ;
T_2.14 ;
    %jmp T_2.12;
T_2.1 ;
    %pushi/vec4 2, 0, 4;
    %store/vec4 v0x56402f7dcec0_0, 0, 4;
    %jmp T_2.12;
T_2.2 ;
    %pushi/vec4 3, 0, 4;
    %store/vec4 v0x56402f7dcec0_0, 0, 4;
    %jmp T_2.12;
T_2.3 ;
    %pushi/vec4 4, 0, 4;
    %store/vec4 v0x56402f7dcec0_0, 0, 4;
    %jmp T_2.12;
T_2.4 ;
    %pushi/vec4 5, 0, 4;
    %store/vec4 v0x56402f7dcec0_0, 0, 4;
    %jmp T_2.12;
T_2.5 ;
    %pushi/vec4 6, 0, 4;
    %store/vec4 v0x56402f7dcec0_0, 0, 4;
    %jmp T_2.12;
T_2.6 ;
    %pushi/vec4 7, 0, 4;
    %store/vec4 v0x56402f7dcec0_0, 0, 4;
    %jmp T_2.12;
T_2.7 ;
    %pushi/vec4 8, 0, 4;
    %store/vec4 v0x56402f7dcec0_0, 0, 4;
    %jmp T_2.12;
T_2.8 ;
    %pushi/vec4 9, 0, 4;
    %store/vec4 v0x56402f7dcec0_0, 0, 4;
    %jmp T_2.12;
T_2.9 ;
    %pushi/vec4 10, 0, 4;
    %store/vec4 v0x56402f7dcec0_0, 0, 4;
    %jmp T_2.12;
T_2.10 ;
    %load/vec4 v0x56402f7dcd40_0;
    %pushi/vec4 0, 0, 1;
    %cmp/e;
    %flag_get/vec4 4;
    %load/vec4 v0x56402f7dce00_0;
    %pushi/vec4 0, 0, 1;
    %cmp/e;
    %flag_get/vec4 4;
    %and;
    %flag_set/vec4 8;
    %jmp/0xz  T_2.17, 8;
    %pushi/vec4 0, 0, 4;
    %store/vec4 v0x56402f7dcec0_0, 0, 4;
    %jmp T_2.18;
T_2.17 ;
    %load/vec4 v0x56402f7dcd40_0;
    %pushi/vec4 1, 0, 1;
    %cmp/e;
    %flag_get/vec4 4;
    %load/vec4 v0x56402f7dce00_0;
    %pushi/vec4 1, 0, 1;
    %cmp/e;
    %flag_get/vec4 4;
    %and;
    %flag_set/vec4 8;
    %jmp/0xz  T_2.19, 8;
    %pushi/vec4 0, 0, 4;
    %store/vec4 v0x56402f7dcec0_0, 0, 4;
    %jmp T_2.20;
T_2.19 ;
    %pushi/vec4 10, 0, 4;
    %store/vec4 v0x56402f7dcec0_0, 0, 4;
T_2.20 ;
T_2.18 ;
    %jmp T_2.12;
T_2.12 ;
    %pop/vec4 1;
    %jmp T_2;
    .thread T_2, $push;
    .scope S_0x56402f78ecb0;
T_3 ;
    %wait E_0x56402f798710;
    %load/vec4 v0x56402f7dd1e0_0;
    %dup/vec4;
    %pushi/vec4 0, 0, 4;
    %cmp/u;
    %jmp/1 T_3.0, 6;
    %dup/vec4;
    %pushi/vec4 1, 0, 4;
    %cmp/u;
    %jmp/1 T_3.1, 6;
    %dup/vec4;
    %pushi/vec4 2, 0, 4;
    %cmp/u;
    %jmp/1 T_3.2, 6;
    %dup/vec4;
    %pushi/vec4 3, 0, 4;
    %cmp/u;
    %jmp/1 T_3.3, 6;
    %dup/vec4;
    %pushi/vec4 4, 0, 4;
    %cmp/u;
    %jmp/1 T_3.4, 6;
    %dup/vec4;
    %pushi/vec4 5, 0, 4;
    %cmp/u;
    %jmp/1 T_3.5, 6;
    %dup/vec4;
    %pushi/vec4 6, 0, 4;
    %cmp/u;
    %jmp/1 T_3.6, 6;
    %dup/vec4;
    %pushi/vec4 7, 0, 4;
    %cmp/u;
    %jmp/1 T_3.7, 6;
    %dup/vec4;
    %pushi/vec4 8, 0, 4;
    %cmp/u;
    %jmp/1 T_3.8, 6;
    %dup/vec4;
    %pushi/vec4 9, 0, 4;
    %cmp/u;
    %jmp/1 T_3.9, 6;
    %dup/vec4;
    %pushi/vec4 10, 0, 4;
    %cmp/u;
    %jmp/1 T_3.10, 6;
    %jmp T_3.11;
T_3.0 ;
    %pushi/vec4 1, 0, 1;
    %store/vec4 v0x56402f7dd060_0, 0, 1;
    %pushi/vec4 0, 0, 2;
    %store/vec4 v0x56402f7dcc10_0, 0, 2;
    %pushi/vec4 0, 0, 1;
    %store/vec4 v0x56402f7bbfc0_0, 0, 1;
    %pushi/vec4 0, 0, 1;
    %store/vec4 v0x56402f7bc060_0, 0, 1;
    %pushi/vec4 0, 0, 1;
    %store/vec4 v0x56402f7dcab0_0, 0, 1;
    %pushi/vec4 0, 0, 1;
    %store/vec4 v0x56402f7dd120_0, 0, 1;
    %jmp T_3.11;
T_3.1 ;
    %pushi/vec4 0, 0, 1;
    %store/vec4 v0x56402f7dd060_0, 0, 1;
    %pushi/vec4 1, 0, 2;
    %store/vec4 v0x56402f7dcc10_0, 0, 2;
    %pushi/vec4 1, 0, 1;
    %store/vec4 v0x56402f7bbfc0_0, 0, 1;
    %pushi/vec4 0, 0, 1;
    %store/vec4 v0x56402f7bc060_0, 0, 1;
    %pushi/vec4 0, 0, 1;
    %store/vec4 v0x56402f7dcab0_0, 0, 1;
    %pushi/vec4 0, 0, 1;
    %store/vec4 v0x56402f7dd120_0, 0, 1;
    %jmp T_3.11;
T_3.2 ;
    %pushi/vec4 0, 0, 1;
    %store/vec4 v0x56402f7dd060_0, 0, 1;
    %pushi/vec4 1, 0, 2;
    %store/vec4 v0x56402f7dcc10_0, 0, 2;
    %pushi/vec4 1, 0, 1;
    %store/vec4 v0x56402f7bbfc0_0, 0, 1;
    %pushi/vec4 0, 0, 1;
    %store/vec4 v0x56402f7bc060_0, 0, 1;
    %pushi/vec4 0, 0, 1;
    %store/vec4 v0x56402f7dcab0_0, 0, 1;
    %pushi/vec4 0, 0, 1;
    %store/vec4 v0x56402f7dd120_0, 0, 1;
    %jmp T_3.11;
T_3.3 ;
    %pushi/vec4 0, 0, 1;
    %store/vec4 v0x56402f7dd060_0, 0, 1;
    %pushi/vec4 1, 0, 2;
    %store/vec4 v0x56402f7dcc10_0, 0, 2;
    %pushi/vec4 1, 0, 1;
    %store/vec4 v0x56402f7bbfc0_0, 0, 1;
    %pushi/vec4 0, 0, 1;
    %store/vec4 v0x56402f7bc060_0, 0, 1;
    %pushi/vec4 0, 0, 1;
    %store/vec4 v0x56402f7dcab0_0, 0, 1;
    %pushi/vec4 0, 0, 1;
    %store/vec4 v0x56402f7dd120_0, 0, 1;
    %jmp T_3.11;
T_3.4 ;
    %pushi/vec4 0, 0, 1;
    %store/vec4 v0x56402f7dd060_0, 0, 1;
    %pushi/vec4 2, 0, 2;
    %store/vec4 v0x56402f7dcc10_0, 0, 2;
    %pushi/vec4 0, 0, 1;
    %store/vec4 v0x56402f7bbfc0_0, 0, 1;
    %pushi/vec4 1, 0, 1;
    %store/vec4 v0x56402f7bc060_0, 0, 1;
    %pushi/vec4 0, 0, 1;
    %store/vec4 v0x56402f7dcab0_0, 0, 1;
    %pushi/vec4 0, 0, 1;
    %store/vec4 v0x56402f7dd120_0, 0, 1;
    %jmp T_3.11;
T_3.5 ;
    %pushi/vec4 0, 0, 1;
    %store/vec4 v0x56402f7dd060_0, 0, 1;
    %pushi/vec4 2, 0, 2;
    %store/vec4 v0x56402f7dcc10_0, 0, 2;
    %pushi/vec4 0, 0, 1;
    %store/vec4 v0x56402f7bbfc0_0, 0, 1;
    %pushi/vec4 1, 0, 1;
    %store/vec4 v0x56402f7bc060_0, 0, 1;
    %pushi/vec4 0, 0, 1;
    %store/vec4 v0x56402f7dcab0_0, 0, 1;
    %pushi/vec4 0, 0, 1;
    %store/vec4 v0x56402f7dd120_0, 0, 1;
    %jmp T_3.11;
T_3.6 ;
    %pushi/vec4 0, 0, 1;
    %store/vec4 v0x56402f7dd060_0, 0, 1;
    %pushi/vec4 2, 0, 2;
    %store/vec4 v0x56402f7dcc10_0, 0, 2;
    %pushi/vec4 0, 0, 1;
    %store/vec4 v0x56402f7bbfc0_0, 0, 1;
    %pushi/vec4 1, 0, 1;
    %store/vec4 v0x56402f7bc060_0, 0, 1;
    %pushi/vec4 0, 0, 1;
    %store/vec4 v0x56402f7dcab0_0, 0, 1;
    %pushi/vec4 0, 0, 1;
    %store/vec4 v0x56402f7dd120_0, 0, 1;
    %jmp T_3.11;
T_3.7 ;
    %pushi/vec4 0, 0, 1;
    %store/vec4 v0x56402f7dd060_0, 0, 1;
    %pushi/vec4 3, 0, 2;
    %store/vec4 v0x56402f7dcc10_0, 0, 2;
    %pushi/vec4 0, 0, 1;
    %store/vec4 v0x56402f7bbfc0_0, 0, 1;
    %pushi/vec4 0, 0, 1;
    %store/vec4 v0x56402f7bc060_0, 0, 1;
    %pushi/vec4 1, 0, 1;
    %store/vec4 v0x56402f7dcab0_0, 0, 1;
    %pushi/vec4 0, 0, 1;
    %store/vec4 v0x56402f7dd120_0, 0, 1;
    %jmp T_3.11;
T_3.8 ;
    %pushi/vec4 0, 0, 1;
    %store/vec4 v0x56402f7dd060_0, 0, 1;
    %pushi/vec4 3, 0, 2;
    %store/vec4 v0x56402f7dcc10_0, 0, 2;
    %pushi/vec4 0, 0, 1;
    %store/vec4 v0x56402f7bbfc0_0, 0, 1;
    %pushi/vec4 0, 0, 1;
    %store/vec4 v0x56402f7bc060_0, 0, 1;
    %pushi/vec4 1, 0, 1;
    %store/vec4 v0x56402f7dcab0_0, 0, 1;
    %pushi/vec4 0, 0, 1;
    %store/vec4 v0x56402f7dd120_0, 0, 1;
    %jmp T_3.11;
T_3.9 ;
    %pushi/vec4 0, 0, 1;
    %store/vec4 v0x56402f7dd060_0, 0, 1;
    %pushi/vec4 3, 0, 2;
    %store/vec4 v0x56402f7dcc10_0, 0, 2;
    %pushi/vec4 0, 0, 1;
    %store/vec4 v0x56402f7bbfc0_0, 0, 1;
    %pushi/vec4 0, 0, 1;
    %store/vec4 v0x56402f7bc060_0, 0, 1;
    %pushi/vec4 1, 0, 1;
    %store/vec4 v0x56402f7dcab0_0, 0, 1;
    %pushi/vec4 1, 0, 1;
    %store/vec4 v0x56402f7dd120_0, 0, 1;
    %jmp T_3.11;
T_3.10 ;
    %pushi/vec4 0, 0, 1;
    %store/vec4 v0x56402f7dd060_0, 0, 1;
    %pushi/vec4 0, 0, 2;
    %store/vec4 v0x56402f7dcc10_0, 0, 2;
    %pushi/vec4 0, 0, 1;
    %store/vec4 v0x56402f7bbfc0_0, 0, 1;
    %pushi/vec4 0, 0, 1;
    %store/vec4 v0x56402f7bc060_0, 0, 1;
    %pushi/vec4 0, 0, 1;
    %store/vec4 v0x56402f7dcab0_0, 0, 1;
    %pushi/vec4 1, 0, 1;
    %store/vec4 v0x56402f7dd120_0, 0, 1;
    %jmp T_3.11;
T_3.11 ;
    %pop/vec4 1;
    %jmp T_3;
    .thread T_3, $push;
    .scope S_0x56402f7dd400;
T_4 ;
    %pushi/vec4 0, 0, 1;
    %store/vec4 v0x56402f7ddc60_0, 0, 1;
    %pushi/vec4 0, 0, 1;
    %store/vec4 v0x56402f7ddba0_0, 0, 1;
    %pushi/vec4 0, 0, 1;
    %store/vec4 v0x56402f7ddae0_0, 0, 1;
    %pushi/vec4 0, 0, 1;
    %store/vec4 v0x56402f7ddea0_0, 0, 1;
    %pushi/vec4 0, 0, 1;
    %store/vec4 v0x56402f7ddde0_0, 0, 1;
    %pushi/vec4 0, 0, 1;
    %store/vec4 v0x56402f7ddd20_0, 0, 1;
    %pushi/vec4 0, 0, 1;
    %store/vec4 v0x56402f7de0e0_0, 0, 1;
    %pushi/vec4 0, 0, 1;
    %store/vec4 v0x56402f7de020_0, 0, 1;
    %pushi/vec4 0, 0, 1;
    %store/vec4 v0x56402f7ddf60_0, 0, 1;
    %end;
    .thread T_4;
    .scope S_0x56402f7dd400;
T_5 ;
    %wait E_0x56402f799730;
    %load/vec4 v0x56402f7de1a0_0;
    %flag_set/vec4 8;
    %jmp/0xz  T_5.0, 8;
    %pushi/vec4 0, 0, 1;
    %assign/vec4 v0x56402f7ddc60_0, 0;
    %pushi/vec4 0, 0, 1;
    %assign/vec4 v0x56402f7ddba0_0, 0;
    %pushi/vec4 0, 0, 1;
    %assign/vec4 v0x56402f7ddae0_0, 0;
    %pushi/vec4 0, 0, 1;
    %assign/vec4 v0x56402f7ddea0_0, 0;
    %pushi/vec4 0, 0, 1;
    %assign/vec4 v0x56402f7ddde0_0, 0;
    %pushi/vec4 0, 0, 1;
    %assign/vec4 v0x56402f7ddd20_0, 0;
    %pushi/vec4 0, 0, 1;
    %assign/vec4 v0x56402f7de0e0_0, 0;
    %pushi/vec4 0, 0, 1;
    %assign/vec4 v0x56402f7de020_0, 0;
    %pushi/vec4 0, 0, 1;
    %assign/vec4 v0x56402f7ddf60_0, 0;
    %jmp T_5.1;
T_5.0 ;
    %load/vec4 v0x56402f7dd710_0;
    %flag_set/vec4 8;
    %jmp/0xz  T_5.2, 8;
    %load/vec4 v0x56402f7dd9d0_0;
    %parti/s 1, 0, 2;
    %assign/vec4 v0x56402f7ddc60_0, 0;
    %load/vec4 v0x56402f7ddc60_0;
    %assign/vec4 v0x56402f7ddba0_0, 0;
    %load/vec4 v0x56402f7ddba0_0;
    %assign/vec4 v0x56402f7ddae0_0, 0;
    %jmp T_5.3;
T_5.2 ;
    %load/vec4 v0x56402f7dd7d0_0;
    %flag_set/vec4 8;
    %jmp/0xz  T_5.4, 8;
    %load/vec4 v0x56402f7dd9d0_0;
    %parti/s 1, 1, 2;
    %assign/vec4 v0x56402f7ddea0_0, 0;
    %load/vec4 v0x56402f7ddea0_0;
    %assign/vec4 v0x56402f7ddde0_0, 0;
    %load/vec4 v0x56402f7ddde0_0;
    %assign/vec4 v0x56402f7ddd20_0, 0;
    %jmp T_5.5;
T_5.4 ;
    %load/vec4 v0x56402f7dd890_0;
    %flag_set/vec4 8;
    %jmp/0xz  T_5.6, 8;
    %load/vec4 v0x56402f7dd9d0_0;
    %parti/s 1, 2, 3;
    %assign/vec4 v0x56402f7de0e0_0, 0;
    %load/vec4 v0x56402f7de0e0_0;
    %assign/vec4 v0x56402f7de020_0, 0;
    %load/vec4 v0x56402f7de020_0;
    %assign/vec4 v0x56402f7ddf60_0, 0;
T_5.6 ;
T_5.5 ;
T_5.3 ;
T_5.1 ;
    %jmp T_5;
    .thread T_5;
    .scope S_0x56402f7de400;
T_6 ;
    %wait E_0x56402f7c08d0;
    %load/vec4 v0x56402f7de7d0_0;
    %dup/vec4;
    %pushi/vec4 0, 0, 2;
    %cmp/u;
    %jmp/1 T_6.0, 6;
    %dup/vec4;
    %pushi/vec4 1, 0, 2;
    %cmp/u;
    %jmp/1 T_6.1, 6;
    %dup/vec4;
    %pushi/vec4 1, 0, 2;
    %cmp/u;
    %jmp/1 T_6.2, 6;
    %dup/vec4;
    %pushi/vec4 1, 0, 2;
    %cmp/u;
    %jmp/1 T_6.3, 6;
    %dup/vec4;
    %pushi/vec4 2, 0, 2;
    %cmp/u;
    %jmp/1 T_6.4, 6;
    %dup/vec4;
    %pushi/vec4 2, 0, 2;
    %cmp/u;
    %jmp/1 T_6.5, 6;
    %dup/vec4;
    %pushi/vec4 2, 0, 2;
    %cmp/u;
    %jmp/1 T_6.6, 6;
    %dup/vec4;
    %pushi/vec4 3, 0, 2;
    %cmp/u;
    %jmp/1 T_6.7, 6;
    %dup/vec4;
    %pushi/vec4 3, 0, 2;
    %cmp/u;
    %jmp/1 T_6.8, 6;
    %dup/vec4;
    %pushi/vec4 3, 0, 2;
    %cmp/u;
    %jmp/1 T_6.9, 6;
    %pushi/vec4 0, 0, 4;
    %store/vec4 v0x56402f7de6f0_0, 0, 4;
    %jmp T_6.11;
T_6.0 ;
    %pushi/vec4 0, 0, 4;
    %store/vec4 v0x56402f7de6f0_0, 0, 4;
    %jmp T_6.11;
T_6.1 ;
    %load/vec4 v0x56402f7de610_0;
    %ix/load 4, 0, 0;
    %flag_set/imm 4, 0;
    %store/vec4 v0x56402f7de6f0_0, 4, 1;
    %pushi/vec4 0, 0, 3;
    %ix/load 4, 1, 0;
    %flag_set/imm 4, 0;
    %store/vec4 v0x56402f7de6f0_0, 4, 3;
    %jmp T_6.11;
T_6.2 ;
    %load/vec4 v0x56402f7de610_0;
    %ix/load 4, 0, 0;
    %flag_set/imm 4, 0;
    %store/vec4 v0x56402f7de6f0_0, 4, 1;
    %pushi/vec4 0, 0, 3;
    %ix/load 4, 1, 0;
    %flag_set/imm 4, 0;
    %store/vec4 v0x56402f7de6f0_0, 4, 3;
    %jmp T_6.11;
T_6.3 ;
    %load/vec4 v0x56402f7de610_0;
    %ix/load 4, 0, 0;
    %flag_set/imm 4, 0;
    %store/vec4 v0x56402f7de6f0_0, 4, 1;
    %pushi/vec4 0, 0, 3;
    %ix/load 4, 1, 0;
    %flag_set/imm 4, 0;
    %store/vec4 v0x56402f7de6f0_0, 4, 3;
    %jmp T_6.11;
T_6.4 ;
    %load/vec4 v0x56402f7de610_0;
    %ix/load 4, 1, 0;
    %flag_set/imm 4, 0;
    %store/vec4 v0x56402f7de6f0_0, 4, 1;
    %pushi/vec4 0, 0, 1;
    %ix/load 4, 0, 0;
    %flag_set/imm 4, 0;
    %store/vec4 v0x56402f7de6f0_0, 4, 1;
    %jmp T_6.11;
T_6.5 ;
    %load/vec4 v0x56402f7de610_0;
    %ix/load 4, 1, 0;
    %flag_set/imm 4, 0;
    %store/vec4 v0x56402f7de6f0_0, 4, 1;
    %pushi/vec4 0, 0, 1;
    %ix/load 4, 0, 0;
    %flag_set/imm 4, 0;
    %store/vec4 v0x56402f7de6f0_0, 4, 1;
    %jmp T_6.11;
T_6.6 ;
    %load/vec4 v0x56402f7de610_0;
    %ix/load 4, 1, 0;
    %flag_set/imm 4, 0;
    %store/vec4 v0x56402f7de6f0_0, 4, 1;
    %pushi/vec4 0, 0, 1;
    %ix/load 4, 0, 0;
    %flag_set/imm 4, 0;
    %store/vec4 v0x56402f7de6f0_0, 4, 1;
    %jmp T_6.11;
T_6.7 ;
    %load/vec4 v0x56402f7de610_0;
    %ix/load 4, 2, 0;
    %flag_set/imm 4, 0;
    %store/vec4 v0x56402f7de6f0_0, 4, 1;
    %pushi/vec4 0, 0, 2;
    %ix/load 4, 0, 0;
    %flag_set/imm 4, 0;
    %store/vec4 v0x56402f7de6f0_0, 4, 2;
    %jmp T_6.11;
T_6.8 ;
    %load/vec4 v0x56402f7de610_0;
    %ix/load 4, 2, 0;
    %flag_set/imm 4, 0;
    %store/vec4 v0x56402f7de6f0_0, 4, 1;
    %pushi/vec4 0, 0, 2;
    %ix/load 4, 0, 0;
    %flag_set/imm 4, 0;
    %store/vec4 v0x56402f7de6f0_0, 4, 2;
    %jmp T_6.11;
T_6.9 ;
    %load/vec4 v0x56402f7de610_0;
    %ix/load 4, 2, 0;
    %flag_set/imm 4, 0;
    %store/vec4 v0x56402f7de6f0_0, 4, 1;
    %pushi/vec4 0, 0, 2;
    %ix/load 4, 0, 0;
    %flag_set/imm 4, 0;
    %store/vec4 v0x56402f7de6f0_0, 4, 2;
    %jmp T_6.11;
T_6.11 ;
    %pop/vec4 1;
    %jmp T_6;
    .thread T_6, $push;
    .scope S_0x56402f7aff60;
T_7 ;
    %wait E_0x56402f7978c0;
    %load/vec4 v0x56402f7e1490_0;
    %flag_set/vec4 8;
    %jmp/0xz  T_7.0, 8;
    %pushi/vec4 0, 0, 12;
    %assign/vec4 v0x56402f7e0ba0_0, 0;
    %pushi/vec4 0, 0, 32;
    %assign/vec4 v0x56402f7e13b0_0, 0;
    %pushi/vec4 0, 0, 1;
    %assign/vec4 v0x56402f7e1b90_0, 0;
    %jmp T_7.1;
T_7.0 ;
    %pushi/vec4 0, 0, 1;
    %assign/vec4 v0x56402f7e1b90_0, 0;
    %load/vec4 v0x56402f7e1530_0;
    %load/vec4 v0x56402f7e0a40_0;
    %and;
    %flag_set/vec4 8;
    %jmp/0xz  T_7.2, 8;
    %pushi/vec4 0, 0, 20;
    %load/vec4 v0x56402f7e0ba0_0;
    %concat/vec4; draw_concat_vec4
    %assign/vec4 v0x56402f7e13b0_0, 0;
    %load/vec4 v0x56402f7e32b0_0;
    %parti/s 1, 0, 2;
    %flag_set/vec4 8;
    %jmp/0xz  T_7.4, 8;
    %load/vec4 v0x56402f7e1eb0_0;
    %parti/s 12, 0, 2;
    %assign/vec4 v0x56402f7e0ba0_0, 0;
T_7.4 ;
T_7.2 ;
T_7.1 ;
    %jmp T_7;
    .thread T_7;
# The file index is used to find the file name in the following table.
:file_names 4;
    "N/A";
    "<interactive>";
    "rlbp_macro.v";
    "./rlbp.v";
