#! /usr/bin/vvp
:ivl_version "10.3 (stable)";
:ivl_delay_selection "TYPICAL";
:vpi_time_precision + 0;
:vpi_module "system";
:vpi_module "vhdl_sys";
:vpi_module "v2005_math";
:vpi_module "va_math";
S_0x55fce089ae90 .scope module, "rlbp" "rlbp" 2 924;
 .timescale 0 0;
    .port_info 0 /INPUT 1 "clk"
    .port_info 1 /INPUT 1 "ce_d1"
    .port_info 2 /INPUT 1 "ce_d2"
    .port_info 3 /INPUT 1 "ce_d3"
    .port_info 4 /INPUT 1 "reset"
    .port_info 5 /OUTPUT 1 "reset_fsm"
    .port_info 6 /INPUT 1 "start"
    .port_info 7 /OUTPUT 2 "control_signals"
    .port_info 8 /OUTPUT 1 "rlbp_done"
    .port_info 9 /OUTPUT 1 "p2s_en"
    .port_info 10 /INPUT 1 "pxl_done_i"
    .port_info 11 /INPUT 1 "data_in"
    .port_info 12 /INPUT 2 "data_sel"
    .port_info 13 /OUTPUT 4 "data_out"
    .port_info 14 /INPUT 4 "d"
    .port_info 15 /OUTPUT 1 "q1_3"
    .port_info 16 /OUTPUT 1 "q1_2"
    .port_info 17 /OUTPUT 1 "q1_1"
    .port_info 18 /OUTPUT 1 "q2_3"
    .port_info 19 /OUTPUT 1 "q2_2"
    .port_info 20 /OUTPUT 1 "q2_1"
    .port_info 21 /OUTPUT 1 "q3_3"
    .port_info 22 /OUTPUT 1 "q3_2"
    .port_info 23 /OUTPUT 1 "q3_1"
    .port_info 24 /INPUT 1 "en"
    .port_info 25 /INPUT 8 "p_data_in"
    .port_info 26 /OUTPUT 1 "s_data_out"
    .port_info 27 /OUTPUT 1 "ready"
    .port_info 28 /INPUT 12 "count"
    .port_info 29 /INPUT 11 "time_up_vd1"
    .port_info 30 /INPUT 11 "time_down_vd1"
    .port_info 31 /OUTPUT 1 "vd1"
    .port_info 32 /INPUT 11 "time_up_vd2"
    .port_info 33 /INPUT 11 "time_down_vd2"
    .port_info 34 /OUTPUT 1 "vd2"
    .port_info 35 /INPUT 11 "time_up_sw1"
    .port_info 36 /INPUT 11 "time_down_sw1"
    .port_info 37 /OUTPUT 1 "sw1"
    .port_info 38 /INPUT 11 "time_up_sw2"
    .port_info 39 /INPUT 11 "time_down_sw2"
    .port_info 40 /OUTPUT 1 "sw2"
    .port_info 41 /INPUT 11 "time_up_sh"
    .port_info 42 /INPUT 11 "time_down_sh"
    .port_info 43 /OUTPUT 1 "sh"
    .port_info 44 /INPUT 11 "time_up_sh_cmp"
    .port_info 45 /INPUT 11 "time_down_sh_cmp"
    .port_info 46 /OUTPUT 1 "sh_cmp"
    .port_info 47 /INPUT 11 "time_up_sh_reset"
    .port_info 48 /INPUT 11 "time_down_sh_reset"
    .port_info 49 /OUTPUT 1 "sh_reset"
    .port_info 50 /INPUT 11 "time_up_counter_reset_out"
    .port_info 51 /INPUT 11 "time_down_counter_reset_out"
    .port_info 52 /OUTPUT 1 "counter_reset_out"
    .port_info 53 /INPUT 1 "counter_reset"
    .port_info 54 /INPUT 1 "start"
    .port_info 55 /OUTPUT 12 "q"
    .port_info 56 /INPUT 1 "ext_clk"
    .port_info 57 /INPUT 1 "wb_clk"
    .port_info 58 /INPUT 1 "sel_clk"
    .port_info 59 /OUTPUT 1 "clk_out"
    .port_info 60 /INPUT 1 "ext_reset"
    .port_info 61 /INPUT 1 "wb_reset"
    .port_info 62 /INPUT 1 "sel_reset"
    .port_info 63 /OUTPUT 1 "reset_out"
    .port_info 64 /INPUT 1 "ext_start"
    .port_info 65 /INPUT 1 "wb_start"
    .port_info 66 /INPUT 1 "sel_start"
    .port_info 67 /OUTPUT 1 "start_out"
    .port_info 68 /OUTPUT 1 "ext_clk_sync"
    .port_info 69 /OUTPUT 1 "wb_reset_sync"
    .port_info 70 /OUTPUT 1 "ext_reset_sync"
    .port_info 71 /OUTPUT 1 "wb_start_sync"
    .port_info 72 /OUTPUT 1 "ext_start_sync"
    .port_info 73 /OUTPUT 1 "ext_clk_temp"
    .port_info 74 /OUTPUT 1 "wb_reset_temp"
    .port_info 75 /OUTPUT 1 "ext_reset_temp"
    .port_info 76 /OUTPUT 1 "wb_start_temp"
    .port_info 77 /OUTPUT 1 "ext_start_temp"
L_0x55fce0818570 .functor BUFZ 2, v0x55fce08bf780_0, C4<00>, C4<00>, C4<00>;
L_0x55fce0818460 .functor BUFZ 4, v0x55fce08e1540_0, C4<0000>, C4<0000>, C4<0000>;
L_0x55fce0818790 .functor BUFZ 1, v0x55fce08ad930_0, C4<0>, C4<0>, C4<0>;
L_0x55fce0870cb0 .functor BUFZ 1, v0x55fce08c1830_0, C4<0>, C4<0>, C4<0>;
L_0x55fce0870a90 .functor BUFZ 1, v0x55fce08c1930_0, C4<0>, C4<0>, C4<0>;
L_0x55fce0870ba0 .functor BUFZ 1, v0x55fce08bd600_0, C4<0>, C4<0>, C4<0>;
L_0x55fce08ec690 .functor BUFZ 1, v0x55fce08df370_0, C4<0>, C4<0>, C4<0>;
L_0x55fce08ec7a0 .functor BUFZ 12, v0x55fce08dff50_0, C4<000000000000>, C4<000000000000>, C4<000000000000>;
L_0x55fce08ec8b0 .functor BUFZ 1, L_0x55fce08eb9a0, C4<0>, C4<0>, C4<0>;
L_0x55fce08ec970 .functor BUFZ 1, L_0x55fce08ebb20, C4<0>, C4<0>, C4<0>;
L_0x55fce08eca90 .functor BUFZ 1, L_0x55fce08ebc80, C4<0>, C4<0>, C4<0>;
L_0x55fce08ecb00 .functor BUFZ 1, v0x55fce08dda40_0, C4<0>, C4<0>, C4<0>;
v0x55fce08e6390_0 .net *"_s18", 8 0, L_0x55fce08ec1e0;  1 drivers
v0x55fce08e6490_0 .net "ce_d1", 0 0, v0x55fce08ad930_0;  1 drivers
v0x55fce08e6550_0 .net "ce_d1_net", 0 0, L_0x55fce0818790;  1 drivers
v0x55fce08e6620_0 .net "ce_d2", 0 0, v0x55fce08c1830_0;  1 drivers
v0x55fce08e66f0_0 .net "ce_d2_net", 0 0, L_0x55fce0870cb0;  1 drivers
v0x55fce08e67e0_0 .net "ce_d3", 0 0, v0x55fce08c1930_0;  1 drivers
v0x55fce08e68b0_0 .net "ce_d3_net", 0 0, L_0x55fce0870a90;  1 drivers
o0x7fa1ad606f38 .functor BUFZ 1, C4<z>; HiZ drive
v0x55fce08e6980_0 .net "clk", 0 0, o0x7fa1ad606f38;  0 drivers
v0x55fce08e6a20_0 .net "clk_out", 0 0, L_0x55fce08eb9a0;  1 drivers
v0x55fce08e6ac0_0 .net "clk_out_net", 0 0, L_0x55fce08ec8b0;  1 drivers
v0x55fce08e6b60_0 .net "control_signals", 1 0, v0x55fce08bf780_0;  1 drivers
o0x7fa1ad606f98 .functor BUFZ 12, C4<zzzzzzzzzzzz>; HiZ drive
v0x55fce08e6c30_0 .net "count", 11 0, o0x7fa1ad606f98;  0 drivers
v0x55fce08e6cd0_0 .net "count_net", 11 0, L_0x55fce08ec7a0;  1 drivers
o0x7fa1ad606fc8 .functor BUFZ 1, C4<z>; HiZ drive
v0x55fce08e6e80_0 .net "counter_reset", 0 0, o0x7fa1ad606fc8;  0 drivers
v0x55fce08e6f20_0 .net "counter_reset_net", 0 0, L_0x55fce08ec690;  1 drivers
v0x55fce08e6ff0_0 .net "counter_reset_out", 0 0, v0x55fce08df370_0;  1 drivers
o0x7fa1ad606ff8 .functor BUFZ 4, C4<zzzz>; HiZ drive
v0x55fce08e70c0_0 .net "d", 3 0, o0x7fa1ad606ff8;  0 drivers
o0x7fa1ad606188 .functor BUFZ 1, C4<z>; HiZ drive
v0x55fce08e7270_0 .net "data_in", 0 0, o0x7fa1ad606188;  0 drivers
v0x55fce08e7340_0 .net "data_net", 3 0, L_0x55fce0818460;  1 drivers
v0x55fce08e7410_0 .net "data_out", 3 0, v0x55fce08e1540_0;  1 drivers
o0x7fa1ad607028 .functor BUFZ 2, C4<zz>; HiZ drive
v0x55fce08e74e0_0 .net "data_sel", 1 0, o0x7fa1ad607028;  0 drivers
o0x7fa1ad607058 .functor BUFZ 1, C4<z>; HiZ drive
v0x55fce08e7580_0 .net "en", 0 0, o0x7fa1ad607058;  0 drivers
o0x7fa1ad607088 .functor BUFZ 1, C4<z>; HiZ drive
v0x55fce08e7620_0 .net "ext_clk", 0 0, o0x7fa1ad607088;  0 drivers
v0x55fce08e76e0_0 .var "ext_clk_sync", 0 0;
v0x55fce08e77a0_0 .var "ext_clk_temp", 0 0;
o0x7fa1ad607118 .functor BUFZ 1, C4<z>; HiZ drive
v0x55fce08e7860_0 .net "ext_reset", 0 0, o0x7fa1ad607118;  0 drivers
v0x55fce08e7920_0 .var "ext_reset_sync", 0 0;
v0x55fce08e79e0_0 .var "ext_reset_temp", 0 0;
o0x7fa1ad6071a8 .functor BUFZ 1, C4<z>; HiZ drive
v0x55fce08e7aa0_0 .net "ext_start", 0 0, o0x7fa1ad6071a8;  0 drivers
v0x55fce08e7b60_0 .var "ext_start_sync", 0 0;
v0x55fce08e7c20_0 .var "ext_start_temp", 0 0;
v0x55fce08e7ce0_0 .net "p2s_en", 0 0, v0x55fce08bd600_0;  1 drivers
v0x55fce08e7db0_0 .net "p2s_en_net", 0 0, L_0x55fce0870ba0;  1 drivers
o0x7fa1ad607238 .functor BUFZ 8, C4<zzzzzzzz>; HiZ drive
v0x55fce08e7e80_0 .net "p_data_in", 7 0, o0x7fa1ad607238;  0 drivers
v0x55fce08e7f20_0 .net "p_data_in_net", 7 0, L_0x55fce08ec550;  1 drivers
o0x7fa1ad607268 .functor BUFZ 1, C4<z>; HiZ drive
v0x55fce08e8010_0 .net "pxl_done_i", 0 0, o0x7fa1ad607268;  0 drivers
v0x55fce08e80b0_0 .net "pxl_done_net", 0 0, L_0x55fce08ecb00;  1 drivers
v0x55fce08e8180_0 .net "q", 11 0, v0x55fce08dff50_0;  1 drivers
v0x55fce08e8250_0 .net "q1_1", 0 0, v0x55fce08e07e0_0;  1 drivers
v0x55fce08e8320_0 .net "q1_2", 0 0, v0x55fce08e08a0_0;  1 drivers
v0x55fce08e83f0_0 .net "q1_3", 0 0, v0x55fce08e0960_0;  1 drivers
v0x55fce08e84c0_0 .net "q2_1", 0 0, v0x55fce08e0a20_0;  1 drivers
v0x55fce08e8590_0 .net "q2_2", 0 0, v0x55fce08e0b70_0;  1 drivers
v0x55fce08e8660_0 .net "q2_3", 0 0, v0x55fce08e0c30_0;  1 drivers
v0x55fce08e8730_0 .net "q3_1", 0 0, v0x55fce08e0cf0_0;  1 drivers
v0x55fce08e8800_0 .net "q3_2", 0 0, v0x55fce08e0db0_0;  1 drivers
v0x55fce08e88d0_0 .net "q3_3", 0 0, v0x55fce08e0e70_0;  1 drivers
v0x55fce08e89a0_0 .net "ready", 0 0, v0x55fce08e1d10_0;  1 drivers
o0x7fa1ad607298 .functor BUFZ 1, C4<z>; HiZ drive
v0x55fce08e8a70_0 .net "reset", 0 0, o0x7fa1ad607298;  0 drivers
v0x55fce08e8b10_0 .net "reset_fsm", 0 0, v0x55fce08dcdc0_0;  1 drivers
v0x55fce08e8be0_0 .net "reset_out", 0 0, L_0x55fce08ebb20;  1 drivers
v0x55fce08e8c80_0 .net "reset_out_net", 0 0, L_0x55fce08ec970;  1 drivers
v0x55fce08e8d20_0 .net "rlbp_done", 0 0, v0x55fce08dce80_0;  1 drivers
v0x55fce08e8df0_0 .net "s_data_out", 0 0, v0x55fce08e1ec0_0;  1 drivers
o0x7fa1ad6072f8 .functor BUFZ 1, C4<z>; HiZ drive
v0x55fce08e8ec0_0 .net "sel_clk", 0 0, o0x7fa1ad6072f8;  0 drivers
v0x55fce08e8f60_0 .net "sel_net", 1 0, L_0x55fce0818570;  1 drivers
o0x7fa1ad607328 .functor BUFZ 1, C4<z>; HiZ drive
v0x55fce08e9030_0 .net "sel_reset", 0 0, o0x7fa1ad607328;  0 drivers
o0x7fa1ad607358 .functor BUFZ 1, C4<z>; HiZ drive
v0x55fce08e90d0_0 .net "sel_start", 0 0, o0x7fa1ad607358;  0 drivers
v0x55fce08e9170_0 .net "sh", 0 0, v0x55fce08e5ee0_0;  1 drivers
v0x55fce08e9240_0 .net "sh_cmp", 0 0, v0x55fce08dda40_0;  1 drivers
v0x55fce08e9310_0 .net "sh_reset", 0 0, v0x55fce08de780_0;  1 drivers
o0x7fa1ad607388 .functor BUFZ 1, C4<z>; HiZ drive
v0x55fce08e93e0_0 .net "start", 0 0, o0x7fa1ad607388;  0 drivers
v0x55fce08e9480_0 .net "start_out", 0 0, L_0x55fce08ebc80;  1 drivers
v0x55fce08e9520_0 .net "start_out_net", 0 0, L_0x55fce08eca90;  1 drivers
v0x55fce08e95c0_0 .net "sw1", 0 0, v0x55fce08e4610_0;  1 drivers
v0x55fce08e9a70_0 .net "sw2", 0 0, v0x55fce08e5310_0;  1 drivers
o0x7fa1ad605978 .functor BUFZ 11, C4<zzzzzzzzzzz>; HiZ drive
v0x55fce08e9b40_0 .net "time_down_counter_reset_out", 10 0, o0x7fa1ad605978;  0 drivers
o0x7fa1ad606d88 .functor BUFZ 11, C4<zzzzzzzzzzz>; HiZ drive
v0x55fce08e9c10_0 .net "time_down_sh", 10 0, o0x7fa1ad606d88;  0 drivers
o0x7fa1ad605558 .functor BUFZ 11, C4<zzzzzzzzzzz>; HiZ drive
v0x55fce08e9ce0_0 .net "time_down_sh_cmp", 10 0, o0x7fa1ad605558;  0 drivers
o0x7fa1ad605768 .functor BUFZ 11, C4<zzzzzzzzzzz>; HiZ drive
v0x55fce08e9db0_0 .net "time_down_sh_reset", 10 0, o0x7fa1ad605768;  0 drivers
o0x7fa1ad606968 .functor BUFZ 11, C4<zzzzzzzzzzz>; HiZ drive
v0x55fce08e9e80_0 .net "time_down_sw1", 10 0, o0x7fa1ad606968;  0 drivers
o0x7fa1ad606b78 .functor BUFZ 11, C4<zzzzzzzzzzz>; HiZ drive
v0x55fce08e9f50_0 .net "time_down_sw2", 10 0, o0x7fa1ad606b78;  0 drivers
o0x7fa1ad606518 .functor BUFZ 11, C4<zzzzzzzzzzz>; HiZ drive
v0x55fce08ea020_0 .net "time_down_vd1", 10 0, o0x7fa1ad606518;  0 drivers
o0x7fa1ad606728 .functor BUFZ 11, C4<zzzzzzzzzzz>; HiZ drive
v0x55fce08ea0f0_0 .net "time_down_vd2", 10 0, o0x7fa1ad606728;  0 drivers
o0x7fa1ad6059a8 .functor BUFZ 11, C4<zzzzzzzzzzz>; HiZ drive
v0x55fce08ea1c0_0 .net "time_up_counter_reset_out", 10 0, o0x7fa1ad6059a8;  0 drivers
o0x7fa1ad606db8 .functor BUFZ 11, C4<zzzzzzzzzzz>; HiZ drive
v0x55fce08ea290_0 .net "time_up_sh", 10 0, o0x7fa1ad606db8;  0 drivers
o0x7fa1ad605588 .functor BUFZ 11, C4<zzzzzzzzzzz>; HiZ drive
v0x55fce08ea360_0 .net "time_up_sh_cmp", 10 0, o0x7fa1ad605588;  0 drivers
o0x7fa1ad605798 .functor BUFZ 11, C4<zzzzzzzzzzz>; HiZ drive
v0x55fce08ea430_0 .net "time_up_sh_reset", 10 0, o0x7fa1ad605798;  0 drivers
o0x7fa1ad606998 .functor BUFZ 11, C4<zzzzzzzzzzz>; HiZ drive
v0x55fce08ea500_0 .net "time_up_sw1", 10 0, o0x7fa1ad606998;  0 drivers
o0x7fa1ad606ba8 .functor BUFZ 11, C4<zzzzzzzzzzz>; HiZ drive
v0x55fce08ea5d0_0 .net "time_up_sw2", 10 0, o0x7fa1ad606ba8;  0 drivers
o0x7fa1ad606548 .functor BUFZ 11, C4<zzzzzzzzzzz>; HiZ drive
v0x55fce08ea6a0_0 .net "time_up_vd1", 10 0, o0x7fa1ad606548;  0 drivers
o0x7fa1ad606758 .functor BUFZ 11, C4<zzzzzzzzzzz>; HiZ drive
v0x55fce08ea770_0 .net "time_up_vd2", 10 0, o0x7fa1ad606758;  0 drivers
v0x55fce08ea840_0 .net "vd1", 0 0, v0x55fce08e2c00_0;  1 drivers
v0x55fce08ea910_0 .net "vd2", 0 0, v0x55fce08e39c0_0;  1 drivers
o0x7fa1ad6073e8 .functor BUFZ 1, C4<z>; HiZ drive
v0x55fce08ea9e0_0 .net "wb_clk", 0 0, o0x7fa1ad6073e8;  0 drivers
o0x7fa1ad607418 .functor BUFZ 1, C4<z>; HiZ drive
v0x55fce08eaa80_0 .net "wb_reset", 0 0, o0x7fa1ad607418;  0 drivers
v0x55fce08eab20_0 .var "wb_reset_sync", 0 0;
v0x55fce08eabc0_0 .var "wb_reset_temp", 0 0;
o0x7fa1ad6074a8 .functor BUFZ 1, C4<z>; HiZ drive
v0x55fce08eac60_0 .net "wb_start", 0 0, o0x7fa1ad6074a8;  0 drivers
v0x55fce08ead00_0 .var "wb_start_sync", 0 0;
v0x55fce08eada0_0 .var "wb_start_temp", 0 0;
E_0x55fce08463a0 .event posedge, v0x55fce08e6a20_0;
E_0x55fce0845d80 .event posedge, v0x55fce08ea9e0_0;
L_0x55fce08eb9a0 .functor MUXZ 1, o0x7fa1ad6073e8, v0x55fce08e76e0_0, o0x7fa1ad6072f8, C4<>;
L_0x55fce08ebb20 .functor MUXZ 1, v0x55fce08eab20_0, v0x55fce08e7920_0, o0x7fa1ad607328, C4<>;
L_0x55fce08ebc80 .functor MUXZ 1, v0x55fce08ead00_0, v0x55fce08e7b60_0, o0x7fa1ad607358, C4<>;
LS_0x55fce08ec1e0_0_0 .concat [ 1 1 1 1], v0x55fce08e0960_0, v0x55fce08e08a0_0, v0x55fce08e07e0_0, v0x55fce08e0c30_0;
LS_0x55fce08ec1e0_0_4 .concat [ 1 1 1 1], v0x55fce08e0b70_0, v0x55fce08e0a20_0, v0x55fce08e0e70_0, v0x55fce08e0db0_0;
LS_0x55fce08ec1e0_0_8 .concat [ 1 0 0 0], v0x55fce08e0cf0_0;
L_0x55fce08ec1e0 .concat [ 4 4 1 0], LS_0x55fce08ec1e0_0_0, LS_0x55fce08ec1e0_0_4, LS_0x55fce08ec1e0_0_8;
L_0x55fce08ec550 .part L_0x55fce08ec1e0, 0, 8;
S_0x55fce089b210 .scope module, "inst1" "rlbp_fsm" 2 1018, 2 4 0, S_0x55fce089ae90;
 .timescale 0 0;
    .port_info 0 /INPUT 1 "clk"
    .port_info 1 /INPUT 1 "reset"
    .port_info 2 /OUTPUT 1 "reset_fsm"
    .port_info 3 /INPUT 1 "start"
    .port_info 4 /OUTPUT 1 "ce_d1"
    .port_info 5 /OUTPUT 1 "ce_d2"
    .port_info 6 /OUTPUT 1 "ce_d3"
    .port_info 7 /INPUT 1 "pxl_done_i"
    .port_info 8 /OUTPUT 2 "control_signals"
    .port_info 9 /OUTPUT 1 "rlbp_done"
    .port_info 10 /OUTPUT 1 "p2s_en"
P_0x55fce08c63b0 .param/l "IDLE_0" 0 2 17, C4<10011>;
P_0x55fce08c63f0 .param/l "IDLE_1" 0 2 15, C4<00010>;
P_0x55fce08c6430 .param/l "IDLE_2" 0 2 15, C4<00100>;
P_0x55fce08c6470 .param/l "IDLE_3" 0 2 15, C4<00110>;
P_0x55fce08c64b0 .param/l "IDLE_4" 0 2 15, C4<01000>;
P_0x55fce08c64f0 .param/l "IDLE_5" 0 2 16, C4<01010>;
P_0x55fce08c6530 .param/l "IDLE_6" 0 2 16, C4<01100>;
P_0x55fce08c6570 .param/l "IDLE_7" 0 2 16, C4<01110>;
P_0x55fce08c65b0 .param/l "IDLE_8" 0 2 16, C4<10000>;
P_0x55fce08c65f0 .param/l "RESET_RLBP" 0 2 11, C4<00000>;
P_0x55fce08c6630 .param/l "S_REG_1_1" 0 2 11, C4<00101>;
P_0x55fce08c6670 .param/l "S_REG_1_2" 0 2 11, C4<00011>;
P_0x55fce08c66b0 .param/l "S_REG_1_3" 0 2 11, C4<00001>;
P_0x55fce08c66f0 .param/l "S_REG_2_1" 0 2 12, C4<01011>;
P_0x55fce08c6730 .param/l "S_REG_2_2" 0 2 12, C4<01001>;
P_0x55fce08c6770 .param/l "S_REG_2_3" 0 2 12, C4<00111>;
P_0x55fce08c67b0 .param/l "S_REG_3_1" 0 2 13, C4<10001>;
P_0x55fce08c67f0 .param/l "S_REG_3_2" 0 2 13, C4<01111>;
P_0x55fce08c6830 .param/l "S_REG_3_3" 0 2 13, C4<01101>;
P_0x55fce08c6870 .param/l "WAIT" 0 2 13, C4<10010>;
v0x55fce08ad930_0 .var "ce_d1", 0 0;
v0x55fce08c1830_0 .var "ce_d2", 0 0;
v0x55fce08c1930_0 .var "ce_d3", 0 0;
v0x55fce08bf680_0 .net "clk", 0 0, L_0x55fce08ec8b0;  alias, 1 drivers
v0x55fce08bf780_0 .var "control_signals", 1 0;
v0x55fce08bd500_0 .var "next_state_rlbp", 4 0;
v0x55fce08bd600_0 .var "p2s_en", 0 0;
v0x55fce08dcbb0_0 .net "pxl_done_i", 0 0, L_0x55fce08ecb00;  alias, 1 drivers
v0x55fce08dcc70_0 .net "reset", 0 0, L_0x55fce08ec970;  alias, 1 drivers
v0x55fce08dcdc0_0 .var "reset_fsm", 0 0;
v0x55fce08dce80_0 .var "rlbp_done", 0 0;
v0x55fce08dcf40_0 .net "start", 0 0, L_0x55fce08eca90;  alias, 1 drivers
v0x55fce08dd000_0 .var "state_rlbp", 4 0;
E_0x55fce0846230 .event edge, v0x55fce08dd000_0;
E_0x55fce0845ad0 .event edge, v0x55fce08dcbb0_0, v0x55fce08dcf40_0, v0x55fce08dd000_0;
E_0x55fce08c3bc0 .event posedge, v0x55fce08dcc70_0, v0x55fce08bf680_0;
S_0x55fce08dd240 .scope module, "inst10" "sh_cmp_fsm" 2 1110, 2 713 0, S_0x55fce089ae90;
 .timescale 0 0;
    .port_info 0 /INPUT 1 "clk"
    .port_info 1 /INPUT 1 "reset"
    .port_info 2 /INPUT 12 "count"
    .port_info 3 /INPUT 11 "time_up_sh_cmp"
    .port_info 4 /INPUT 11 "time_down_sh_cmp"
    .port_info 5 /OUTPUT 1 "sh_cmp"
P_0x55fce08dd3e0 .param/l "FINAL_STATE" 0 2 721, C4<10>;
P_0x55fce08dd420 .param/l "IDLE" 0 2 721, C4<00>;
P_0x55fce08dd460 .param/l "INITIAL_STATE" 0 2 721, C4<01>;
v0x55fce08dd760_0 .net "clk", 0 0, L_0x55fce08ec8b0;  alias, 1 drivers
v0x55fce08dd820_0 .net "count", 11 0, L_0x55fce08ec7a0;  alias, 1 drivers
v0x55fce08dd8e0_0 .var "next_state", 1 0;
v0x55fce08dd9a0_0 .net "reset", 0 0, L_0x55fce08ec970;  alias, 1 drivers
v0x55fce08dda40_0 .var "sh_cmp", 0 0;
v0x55fce08ddb30_0 .var "state", 1 0;
v0x55fce08ddc10_0 .net "time_down_sh_cmp", 10 0, o0x7fa1ad605558;  alias, 0 drivers
v0x55fce08ddcf0_0 .net "time_up_sh_cmp", 10 0, o0x7fa1ad605588;  alias, 0 drivers
E_0x55fce08dd6a0 .event edge, v0x55fce08ddb30_0;
E_0x55fce08dd700 .event edge, v0x55fce08dd820_0, v0x55fce08ddb30_0;
S_0x55fce08dded0 .scope module, "inst11" "sh_reset_fsm" 2 1119, 2 775 0, S_0x55fce089ae90;
 .timescale 0 0;
    .port_info 0 /INPUT 1 "clk"
    .port_info 1 /INPUT 1 "reset"
    .port_info 2 /INPUT 12 "count"
    .port_info 3 /INPUT 11 "time_up_sh_reset"
    .port_info 4 /INPUT 11 "time_down_sh_reset"
    .port_info 5 /OUTPUT 1 "sh_reset"
P_0x55fce08de0a0 .param/l "FINAL_STATE" 0 2 783, C4<10>;
P_0x55fce08de0e0 .param/l "IDLE" 0 2 783, C4<00>;
P_0x55fce08de120 .param/l "INITIAL_STATE" 0 2 783, C4<01>;
v0x55fce08de420_0 .net "clk", 0 0, L_0x55fce08ec8b0;  alias, 1 drivers
v0x55fce08de530_0 .net "count", 11 0, L_0x55fce08ec7a0;  alias, 1 drivers
v0x55fce08de5f0_0 .var "next_state", 1 0;
v0x55fce08de690_0 .net "reset", 0 0, L_0x55fce08ec970;  alias, 1 drivers
v0x55fce08de780_0 .var "sh_reset", 0 0;
v0x55fce08de890_0 .var "state", 1 0;
v0x55fce08de970_0 .net "time_down_sh_reset", 10 0, o0x7fa1ad605768;  alias, 0 drivers
v0x55fce08dea50_0 .net "time_up_sh_reset", 10 0, o0x7fa1ad605798;  alias, 0 drivers
E_0x55fce08de360 .event edge, v0x55fce08de890_0;
E_0x55fce08de3c0 .event edge, v0x55fce08dd820_0, v0x55fce08de890_0;
S_0x55fce08dec30 .scope module, "inst12" "counter_reset_out_fsm" 2 1128, 2 837 0, S_0x55fce089ae90;
 .timescale 0 0;
    .port_info 0 /INPUT 1 "clk"
    .port_info 1 /INPUT 1 "reset"
    .port_info 2 /INPUT 12 "count"
    .port_info 3 /INPUT 11 "time_up_counter_reset_out"
    .port_info 4 /INPUT 11 "time_down_counter_reset_out"
    .port_info 5 /OUTPUT 1 "counter_reset_out"
P_0x55fce08dee00 .param/l "FINAL_STATE" 0 2 845, C4<10>;
P_0x55fce08dee40 .param/l "IDLE" 0 2 845, C4<00>;
P_0x55fce08dee80 .param/l "INITIAL_STATE" 0 2 845, C4<01>;
v0x55fce08df1a0_0 .net "clk", 0 0, L_0x55fce08ec8b0;  alias, 1 drivers
v0x55fce08df260_0 .net "count", 11 0, L_0x55fce08ec7a0;  alias, 1 drivers
v0x55fce08df370_0 .var "counter_reset_out", 0 0;
v0x55fce08df410_0 .var "next_state", 1 0;
v0x55fce08df4f0_0 .net "reset", 0 0, L_0x55fce08ec970;  alias, 1 drivers
v0x55fce08df5e0_0 .var "state", 1 0;
v0x55fce08df6c0_0 .net "time_down_counter_reset_out", 10 0, o0x7fa1ad605978;  alias, 0 drivers
v0x55fce08df7a0_0 .net "time_up_counter_reset_out", 10 0, o0x7fa1ad6059a8;  alias, 0 drivers
E_0x55fce08df0e0 .event edge, v0x55fce08df5e0_0;
E_0x55fce08df140 .event edge, v0x55fce08dd820_0, v0x55fce08df5e0_0;
S_0x55fce08df980 .scope module, "inst13" "counter" 2 1137, 2 900 0, S_0x55fce089ae90;
 .timescale 0 0;
    .port_info 0 /INPUT 1 "clk"
    .port_info 1 /INPUT 1 "counter_reset"
    .port_info 2 /INPUT 1 "start"
    .port_info 3 /OUTPUT 12 "q"
v0x55fce08dfbe0_0 .net "clk", 0 0, L_0x55fce08ec8b0;  alias, 1 drivers
v0x55fce08dfd30_0 .net "counter_reset", 0 0, L_0x55fce08ec690;  alias, 1 drivers
v0x55fce08dfdf0_0 .net "q", 11 0, v0x55fce08dff50_0;  alias, 1 drivers
v0x55fce08dfeb0_0 .net "start", 0 0, L_0x55fce08eca90;  alias, 1 drivers
v0x55fce08dff50_0 .var "tmp", 11 0;
E_0x55fce08c3c00 .event posedge, v0x55fce08dfd30_0, v0x55fce08bf680_0;
S_0x55fce08e0090 .scope module, "inst2" "shift_register" 2 1032, 2 307 0, S_0x55fce089ae90;
 .timescale 0 0;
    .port_info 0 /INPUT 1 "clk"
    .port_info 1 /INPUT 1 "ce_d1"
    .port_info 2 /INPUT 1 "ce_d2"
    .port_info 3 /INPUT 1 "ce_d3"
    .port_info 4 /INPUT 1 "reset"
    .port_info 5 /INPUT 4 "d"
    .port_info 6 /OUTPUT 1 "q1_3"
    .port_info 7 /OUTPUT 1 "q1_2"
    .port_info 8 /OUTPUT 1 "q1_1"
    .port_info 9 /OUTPUT 1 "q2_3"
    .port_info 10 /OUTPUT 1 "q2_2"
    .port_info 11 /OUTPUT 1 "q2_1"
    .port_info 12 /OUTPUT 1 "q3_3"
    .port_info 13 /OUTPUT 1 "q3_2"
    .port_info 14 /OUTPUT 1 "q3_1"
v0x55fce08e03d0_0 .net "ce_d1", 0 0, L_0x55fce0818790;  alias, 1 drivers
v0x55fce08e04b0_0 .net "ce_d2", 0 0, L_0x55fce0870cb0;  alias, 1 drivers
v0x55fce08e0570_0 .net "ce_d3", 0 0, L_0x55fce0870a90;  alias, 1 drivers
v0x55fce08e0610_0 .net "clk", 0 0, L_0x55fce08ec8b0;  alias, 1 drivers
v0x55fce08e06b0_0 .net "d", 3 0, L_0x55fce0818460;  alias, 1 drivers
v0x55fce08e07e0_0 .var "q1_1", 0 0;
v0x55fce08e08a0_0 .var "q1_2", 0 0;
v0x55fce08e0960_0 .var "q1_3", 0 0;
v0x55fce08e0a20_0 .var "q2_1", 0 0;
v0x55fce08e0b70_0 .var "q2_2", 0 0;
v0x55fce08e0c30_0 .var "q2_3", 0 0;
v0x55fce08e0cf0_0 .var "q3_1", 0 0;
v0x55fce08e0db0_0 .var "q3_2", 0 0;
v0x55fce08e0e70_0 .var "q3_3", 0 0;
v0x55fce08e0f30_0 .net "reset", 0 0, L_0x55fce08ec970;  alias, 1 drivers
S_0x55fce08e1240 .scope module, "inst3" "rlbp_demux" 2 1050, 2 337 0, S_0x55fce089ae90;
 .timescale 0 0;
    .port_info 0 /INPUT 1 "data_in"
    .port_info 1 /INPUT 2 "data_sel"
    .port_info 2 /OUTPUT 4 "data_out"
v0x55fce08e1460_0 .net "data_in", 0 0, o0x7fa1ad606188;  alias, 0 drivers
v0x55fce08e1540_0 .var "data_out", 3 0;
v0x55fce08e1620_0 .net "data_sel", 1 0, L_0x55fce0818570;  alias, 1 drivers
E_0x55fce08e13e0 .event edge, v0x55fce08e1620_0, v0x55fce08e1460_0;
S_0x55fce08e1760 .scope module, "inst4" "Parallel2Serial" 2 1056, 2 365 0, S_0x55fce089ae90;
 .timescale 0 0;
    .port_info 0 /INPUT 1 "clk"
    .port_info 1 /INPUT 1 "reset"
    .port_info 2 /INPUT 1 "en"
    .port_info 3 /INPUT 8 "p_data_in"
    .port_info 4 /OUTPUT 1 "s_data_out"
    .port_info 5 /OUTPUT 1 "ready"
v0x55fce08e1a10_0 .net "clk", 0 0, L_0x55fce08ec8b0;  alias, 1 drivers
v0x55fce08e1ab0_0 .net "en", 0 0, L_0x55fce0870ba0;  alias, 1 drivers
v0x55fce08e1b70_0 .var "i", 3 0;
v0x55fce08e1c30_0 .net "p_data_in", 7 0, L_0x55fce08ec550;  alias, 1 drivers
v0x55fce08e1d10_0 .var "ready", 0 0;
v0x55fce08e1e20_0 .net "reset", 0 0, L_0x55fce08ec970;  alias, 1 drivers
v0x55fce08e1ec0_0 .var "s_data_out", 0 0;
S_0x55fce08e2080 .scope module, "inst5" "vd1_fsm" 2 1065, 2 399 0, S_0x55fce089ae90;
 .timescale 0 0;
    .port_info 0 /INPUT 1 "clk"
    .port_info 1 /INPUT 1 "reset"
    .port_info 2 /INPUT 12 "count"
    .port_info 3 /INPUT 11 "time_up_vd1"
    .port_info 4 /INPUT 11 "time_down_vd1"
    .port_info 5 /OUTPUT 1 "vd1"
P_0x55fce08e22e0 .param/l "FINAL_STATE" 0 2 408, C4<10>;
P_0x55fce08e2320 .param/l "IDLE" 0 2 408, C4<00>;
P_0x55fce08e2360 .param/l "INITIAL_STATE" 0 2 408, C4<01>;
v0x55fce08e2680_0 .net "clk", 0 0, L_0x55fce08ec8b0;  alias, 1 drivers
v0x55fce08e2740_0 .net "count", 11 0, L_0x55fce08ec7a0;  alias, 1 drivers
v0x55fce08e2800_0 .var "next_state", 1 0;
v0x55fce08e28c0_0 .net "reset", 0 0, L_0x55fce08ec970;  alias, 1 drivers
v0x55fce08e2960_0 .var "state", 1 0;
v0x55fce08e2a40_0 .net "time_down_vd1", 10 0, o0x7fa1ad606518;  alias, 0 drivers
v0x55fce08e2b20_0 .net "time_up_vd1", 10 0, o0x7fa1ad606548;  alias, 0 drivers
v0x55fce08e2c00_0 .var "vd1", 0 0;
E_0x55fce08e25c0 .event edge, v0x55fce08e2960_0;
E_0x55fce08e2620 .event edge, v0x55fce08dd820_0, v0x55fce08e2960_0;
S_0x55fce08e2dc0 .scope module, "inst6" "vd2_fsm" 2 1074, 2 465 0, S_0x55fce089ae90;
 .timescale 0 0;
    .port_info 0 /INPUT 1 "clk"
    .port_info 1 /INPUT 1 "reset"
    .port_info 2 /INPUT 12 "count"
    .port_info 3 /INPUT 11 "time_up_vd2"
    .port_info 4 /INPUT 11 "time_down_vd2"
    .port_info 5 /OUTPUT 1 "vd2"
P_0x55fce08e2f90 .param/l "FINAL_STATE" 0 2 473, C4<10>;
P_0x55fce08e2fd0 .param/l "IDLE" 0 2 473, C4<00>;
P_0x55fce08e3010 .param/l "INITIAL_STATE" 0 2 473, C4<01>;
v0x55fce08e3330_0 .net "clk", 0 0, L_0x55fce08ec8b0;  alias, 1 drivers
v0x55fce08e3500_0 .net "count", 11 0, L_0x55fce08ec7a0;  alias, 1 drivers
v0x55fce08e35c0_0 .var "next_state", 1 0;
v0x55fce08e3680_0 .net "reset", 0 0, L_0x55fce08ec970;  alias, 1 drivers
v0x55fce08e3720_0 .var "state", 1 0;
v0x55fce08e3800_0 .net "time_down_vd2", 10 0, o0x7fa1ad606728;  alias, 0 drivers
v0x55fce08e38e0_0 .net "time_up_vd2", 10 0, o0x7fa1ad606758;  alias, 0 drivers
v0x55fce08e39c0_0 .var "vd2", 0 0;
E_0x55fce08e3270 .event edge, v0x55fce08e3720_0;
E_0x55fce08e32d0 .event edge, v0x55fce08dd820_0, v0x55fce08e3720_0;
S_0x55fce08e3b80 .scope module, "inst7" "sw1_fsm" 2 1083, 2 527 0, S_0x55fce089ae90;
 .timescale 0 0;
    .port_info 0 /INPUT 1 "clk"
    .port_info 1 /INPUT 1 "reset"
    .port_info 2 /INPUT 12 "count"
    .port_info 3 /INPUT 11 "time_up_sw1"
    .port_info 4 /INPUT 11 "time_down_sw1"
    .port_info 5 /OUTPUT 1 "sw1"
P_0x55fce08e3d50 .param/l "FINAL_STATE" 0 2 535, C4<10>;
P_0x55fce08e3d90 .param/l "IDLE" 0 2 535, C4<00>;
P_0x55fce08e3dd0 .param/l "INITIAL_STATE" 0 2 535, C4<01>;
v0x55fce08e40f0_0 .net "clk", 0 0, L_0x55fce08ec8b0;  alias, 1 drivers
v0x55fce08e41b0_0 .net "count", 11 0, L_0x55fce08ec7a0;  alias, 1 drivers
v0x55fce08e4270_0 .var "next_state", 1 0;
v0x55fce08e4330_0 .net "reset", 0 0, L_0x55fce08ec970;  alias, 1 drivers
v0x55fce08e44e0_0 .var "state", 1 0;
v0x55fce08e4610_0 .var "sw1", 0 0;
v0x55fce08e46d0_0 .net "time_down_sw1", 10 0, o0x7fa1ad606968;  alias, 0 drivers
v0x55fce08e47b0_0 .net "time_up_sw1", 10 0, o0x7fa1ad606998;  alias, 0 drivers
E_0x55fce08e4030 .event edge, v0x55fce08e44e0_0;
E_0x55fce08e4090 .event edge, v0x55fce08dd820_0, v0x55fce08e44e0_0;
S_0x55fce08e4990 .scope module, "inst8" "sw2_fsm" 2 1092, 2 589 0, S_0x55fce089ae90;
 .timescale 0 0;
    .port_info 0 /INPUT 1 "clk"
    .port_info 1 /INPUT 1 "reset"
    .port_info 2 /INPUT 12 "count"
    .port_info 3 /INPUT 11 "time_up_sw2"
    .port_info 4 /INPUT 11 "time_down_sw2"
    .port_info 5 /OUTPUT 1 "sw2"
P_0x55fce08e4b60 .param/l "FINAL_STATE" 0 2 597, C4<10>;
P_0x55fce08e4ba0 .param/l "IDLE" 0 2 597, C4<00>;
P_0x55fce08e4be0 .param/l "INITIAL_STATE" 0 2 597, C4<01>;
v0x55fce08e4f00_0 .net "clk", 0 0, L_0x55fce08ec8b0;  alias, 1 drivers
v0x55fce08e4fc0_0 .net "count", 11 0, L_0x55fce08ec7a0;  alias, 1 drivers
v0x55fce08e5080_0 .var "next_state", 1 0;
v0x55fce08e5140_0 .net "reset", 0 0, L_0x55fce08ec970;  alias, 1 drivers
v0x55fce08e51e0_0 .var "state", 1 0;
v0x55fce08e5310_0 .var "sw2", 0 0;
v0x55fce08e53d0_0 .net "time_down_sw2", 10 0, o0x7fa1ad606b78;  alias, 0 drivers
v0x55fce08e54b0_0 .net "time_up_sw2", 10 0, o0x7fa1ad606ba8;  alias, 0 drivers
E_0x55fce08e4e40 .event edge, v0x55fce08e51e0_0;
E_0x55fce08e4ea0 .event edge, v0x55fce08dd820_0, v0x55fce08e51e0_0;
S_0x55fce08e5690 .scope module, "inst9" "sh_fsm" 2 1101, 2 651 0, S_0x55fce089ae90;
 .timescale 0 0;
    .port_info 0 /INPUT 1 "clk"
    .port_info 1 /INPUT 1 "reset"
    .port_info 2 /INPUT 12 "count"
    .port_info 3 /INPUT 11 "time_up_sh"
    .port_info 4 /INPUT 11 "time_down_sh"
    .port_info 5 /OUTPUT 1 "sh"
P_0x55fce08e5860 .param/l "FINAL_STATE" 0 2 659, C4<10>;
P_0x55fce08e58a0 .param/l "IDLE" 0 2 659, C4<00>;
P_0x55fce08e58e0 .param/l "INITIAL_STATE" 0 2 659, C4<01>;
v0x55fce08e5c00_0 .net "clk", 0 0, L_0x55fce08ec8b0;  alias, 1 drivers
v0x55fce08e5cc0_0 .net "count", 11 0, L_0x55fce08ec7a0;  alias, 1 drivers
v0x55fce08e5d80_0 .var "next_state", 1 0;
v0x55fce08e5e40_0 .net "reset", 0 0, L_0x55fce08ec970;  alias, 1 drivers
v0x55fce08e5ee0_0 .var "sh", 0 0;
v0x55fce08e5ff0_0 .var "state", 1 0;
v0x55fce08e60d0_0 .net "time_down_sh", 10 0, o0x7fa1ad606d88;  alias, 0 drivers
v0x55fce08e61b0_0 .net "time_up_sh", 10 0, o0x7fa1ad606db8;  alias, 0 drivers
E_0x55fce08e5b40 .event edge, v0x55fce08e5ff0_0;
E_0x55fce08e5ba0 .event edge, v0x55fce08dd820_0, v0x55fce08e5ff0_0;
    .scope S_0x55fce089b210;
T_0 ;
    %pushi/vec4 0, 0, 5;
    %store/vec4 v0x55fce08dd000_0, 0, 5;
    %pushi/vec4 0, 0, 1;
    %store/vec4 v0x55fce08ad930_0, 0, 1;
    %pushi/vec4 0, 0, 1;
    %store/vec4 v0x55fce08c1830_0, 0, 1;
    %pushi/vec4 0, 0, 1;
    %store/vec4 v0x55fce08c1930_0, 0, 1;
    %end;
    .thread T_0;
    .scope S_0x55fce089b210;
T_1 ;
    %wait E_0x55fce08c3bc0;
    %load/vec4 v0x55fce08dcc70_0;
    %flag_set/vec4 8;
    %jmp/0xz  T_1.0, 8;
    %pushi/vec4 0, 0, 5;
    %assign/vec4 v0x55fce08dd000_0, 0;
    %jmp T_1.1;
T_1.0 ;
    %load/vec4 v0x55fce08bd500_0;
    %assign/vec4 v0x55fce08dd000_0, 0;
T_1.1 ;
    %jmp T_1;
    .thread T_1;
    .scope S_0x55fce089b210;
T_2 ;
    %wait E_0x55fce0845ad0;
    %load/vec4 v0x55fce08dd000_0;
    %dup/vec4;
    %pushi/vec4 0, 0, 5;
    %cmp/u;
    %jmp/1 T_2.0, 6;
    %dup/vec4;
    %pushi/vec4 1, 0, 5;
    %cmp/u;
    %jmp/1 T_2.1, 6;
    %dup/vec4;
    %pushi/vec4 3, 0, 5;
    %cmp/u;
    %jmp/1 T_2.2, 6;
    %dup/vec4;
    %pushi/vec4 5, 0, 5;
    %cmp/u;
    %jmp/1 T_2.3, 6;
    %dup/vec4;
    %pushi/vec4 7, 0, 5;
    %cmp/u;
    %jmp/1 T_2.4, 6;
    %dup/vec4;
    %pushi/vec4 9, 0, 5;
    %cmp/u;
    %jmp/1 T_2.5, 6;
    %dup/vec4;
    %pushi/vec4 11, 0, 5;
    %cmp/u;
    %jmp/1 T_2.6, 6;
    %dup/vec4;
    %pushi/vec4 13, 0, 5;
    %cmp/u;
    %jmp/1 T_2.7, 6;
    %dup/vec4;
    %pushi/vec4 15, 0, 5;
    %cmp/u;
    %jmp/1 T_2.8, 6;
    %dup/vec4;
    %pushi/vec4 17, 0, 5;
    %cmp/u;
    %jmp/1 T_2.9, 6;
    %dup/vec4;
    %pushi/vec4 18, 0, 5;
    %cmp/u;
    %jmp/1 T_2.10, 6;
    %dup/vec4;
    %pushi/vec4 19, 0, 5;
    %cmp/u;
    %jmp/1 T_2.11, 6;
    %dup/vec4;
    %pushi/vec4 2, 0, 5;
    %cmp/u;
    %jmp/1 T_2.12, 6;
    %dup/vec4;
    %pushi/vec4 4, 0, 5;
    %cmp/u;
    %jmp/1 T_2.13, 6;
    %dup/vec4;
    %pushi/vec4 6, 0, 5;
    %cmp/u;
    %jmp/1 T_2.14, 6;
    %dup/vec4;
    %pushi/vec4 8, 0, 5;
    %cmp/u;
    %jmp/1 T_2.15, 6;
    %dup/vec4;
    %pushi/vec4 10, 0, 5;
    %cmp/u;
    %jmp/1 T_2.16, 6;
    %dup/vec4;
    %pushi/vec4 12, 0, 5;
    %cmp/u;
    %jmp/1 T_2.17, 6;
    %dup/vec4;
    %pushi/vec4 14, 0, 5;
    %cmp/u;
    %jmp/1 T_2.18, 6;
    %dup/vec4;
    %pushi/vec4 16, 0, 5;
    %cmp/u;
    %jmp/1 T_2.19, 6;
    %pushi/vec4 0, 0, 5;
    %store/vec4 v0x55fce08bd500_0, 0, 5;
    %jmp T_2.21;
T_2.0 ;
    %load/vec4 v0x55fce08dcf40_0;
    %cmpi/e 0, 0, 1;
    %jmp/0xz  T_2.22, 4;
    %pushi/vec4 0, 0, 5;
    %store/vec4 v0x55fce08bd500_0, 0, 5;
    %jmp T_2.23;
T_2.22 ;
    %pushi/vec4 19, 0, 5;
    %store/vec4 v0x55fce08bd500_0, 0, 5;
T_2.23 ;
    %jmp T_2.21;
T_2.1 ;
    %pushi/vec4 2, 0, 5;
    %store/vec4 v0x55fce08bd500_0, 0, 5;
    %jmp T_2.21;
T_2.2 ;
    %pushi/vec4 4, 0, 5;
    %store/vec4 v0x55fce08bd500_0, 0, 5;
    %jmp T_2.21;
T_2.3 ;
    %pushi/vec4 6, 0, 5;
    %store/vec4 v0x55fce08bd500_0, 0, 5;
    %jmp T_2.21;
T_2.4 ;
    %pushi/vec4 8, 0, 5;
    %store/vec4 v0x55fce08bd500_0, 0, 5;
    %jmp T_2.21;
T_2.5 ;
    %pushi/vec4 10, 0, 5;
    %store/vec4 v0x55fce08bd500_0, 0, 5;
    %jmp T_2.21;
T_2.6 ;
    %pushi/vec4 12, 0, 5;
    %store/vec4 v0x55fce08bd500_0, 0, 5;
    %jmp T_2.21;
T_2.7 ;
    %pushi/vec4 14, 0, 5;
    %store/vec4 v0x55fce08bd500_0, 0, 5;
    %jmp T_2.21;
T_2.8 ;
    %pushi/vec4 16, 0, 5;
    %store/vec4 v0x55fce08bd500_0, 0, 5;
    %jmp T_2.21;
T_2.9 ;
    %pushi/vec4 18, 0, 5;
    %store/vec4 v0x55fce08bd500_0, 0, 5;
    %jmp T_2.21;
T_2.10 ;
    %load/vec4 v0x55fce08dcf40_0;
    %cmpi/e 0, 0, 1;
    %jmp/0xz  T_2.24, 4;
    %pushi/vec4 0, 0, 5;
    %store/vec4 v0x55fce08bd500_0, 0, 5;
    %jmp T_2.25;
T_2.24 ;
    %pushi/vec4 18, 0, 5;
    %store/vec4 v0x55fce08bd500_0, 0, 5;
T_2.25 ;
    %jmp T_2.21;
T_2.11 ;
    %load/vec4 v0x55fce08dcbb0_0;
    %cmpi/e 1, 0, 1;
    %jmp/0xz  T_2.26, 4;
    %pushi/vec4 1, 0, 5;
    %store/vec4 v0x55fce08bd500_0, 0, 5;
    %jmp T_2.27;
T_2.26 ;
    %pushi/vec4 19, 0, 5;
    %store/vec4 v0x55fce08bd500_0, 0, 5;
T_2.27 ;
    %jmp T_2.21;
T_2.12 ;
    %load/vec4 v0x55fce08dcbb0_0;
    %cmpi/e 1, 0, 1;
    %jmp/0xz  T_2.28, 4;
    %pushi/vec4 3, 0, 5;
    %store/vec4 v0x55fce08bd500_0, 0, 5;
    %jmp T_2.29;
T_2.28 ;
    %pushi/vec4 2, 0, 5;
    %store/vec4 v0x55fce08bd500_0, 0, 5;
T_2.29 ;
    %jmp T_2.21;
T_2.13 ;
    %load/vec4 v0x55fce08dcbb0_0;
    %cmpi/e 1, 0, 1;
    %jmp/0xz  T_2.30, 4;
    %pushi/vec4 5, 0, 5;
    %store/vec4 v0x55fce08bd500_0, 0, 5;
    %jmp T_2.31;
T_2.30 ;
    %pushi/vec4 4, 0, 5;
    %store/vec4 v0x55fce08bd500_0, 0, 5;
T_2.31 ;
    %jmp T_2.21;
T_2.14 ;
    %load/vec4 v0x55fce08dcbb0_0;
    %cmpi/e 1, 0, 1;
    %jmp/0xz  T_2.32, 4;
    %pushi/vec4 7, 0, 5;
    %store/vec4 v0x55fce08bd500_0, 0, 5;
    %jmp T_2.33;
T_2.32 ;
    %pushi/vec4 6, 0, 5;
    %store/vec4 v0x55fce08bd500_0, 0, 5;
T_2.33 ;
    %jmp T_2.21;
T_2.15 ;
    %load/vec4 v0x55fce08dcbb0_0;
    %cmpi/e 1, 0, 1;
    %jmp/0xz  T_2.34, 4;
    %pushi/vec4 9, 0, 5;
    %store/vec4 v0x55fce08bd500_0, 0, 5;
    %jmp T_2.35;
T_2.34 ;
    %pushi/vec4 8, 0, 5;
    %store/vec4 v0x55fce08bd500_0, 0, 5;
T_2.35 ;
    %jmp T_2.21;
T_2.16 ;
    %load/vec4 v0x55fce08dcbb0_0;
    %cmpi/e 1, 0, 1;
    %jmp/0xz  T_2.36, 4;
    %pushi/vec4 11, 0, 5;
    %store/vec4 v0x55fce08bd500_0, 0, 5;
    %jmp T_2.37;
T_2.36 ;
    %pushi/vec4 10, 0, 5;
    %store/vec4 v0x55fce08bd500_0, 0, 5;
T_2.37 ;
    %jmp T_2.21;
T_2.17 ;
    %load/vec4 v0x55fce08dcbb0_0;
    %cmpi/e 1, 0, 1;
    %jmp/0xz  T_2.38, 4;
    %pushi/vec4 13, 0, 5;
    %store/vec4 v0x55fce08bd500_0, 0, 5;
    %jmp T_2.39;
T_2.38 ;
    %pushi/vec4 12, 0, 5;
    %store/vec4 v0x55fce08bd500_0, 0, 5;
T_2.39 ;
    %jmp T_2.21;
T_2.18 ;
    %load/vec4 v0x55fce08dcbb0_0;
    %cmpi/e 1, 0, 1;
    %jmp/0xz  T_2.40, 4;
    %pushi/vec4 15, 0, 5;
    %store/vec4 v0x55fce08bd500_0, 0, 5;
    %jmp T_2.41;
T_2.40 ;
    %pushi/vec4 14, 0, 5;
    %store/vec4 v0x55fce08bd500_0, 0, 5;
T_2.41 ;
    %jmp T_2.21;
T_2.19 ;
    %load/vec4 v0x55fce08dcbb0_0;
    %cmpi/e 1, 0, 1;
    %jmp/0xz  T_2.42, 4;
    %pushi/vec4 17, 0, 5;
    %store/vec4 v0x55fce08bd500_0, 0, 5;
    %jmp T_2.43;
T_2.42 ;
    %pushi/vec4 16, 0, 5;
    %store/vec4 v0x55fce08bd500_0, 0, 5;
T_2.43 ;
    %jmp T_2.21;
T_2.21 ;
    %pop/vec4 1;
    %jmp T_2;
    .thread T_2, $push;
    .scope S_0x55fce089b210;
T_3 ;
    %wait E_0x55fce0846230;
    %load/vec4 v0x55fce08dd000_0;
    %dup/vec4;
    %pushi/vec4 0, 0, 5;
    %cmp/u;
    %jmp/1 T_3.0, 6;
    %dup/vec4;
    %pushi/vec4 1, 0, 5;
    %cmp/u;
    %jmp/1 T_3.1, 6;
    %dup/vec4;
    %pushi/vec4 3, 0, 5;
    %cmp/u;
    %jmp/1 T_3.2, 6;
    %dup/vec4;
    %pushi/vec4 5, 0, 5;
    %cmp/u;
    %jmp/1 T_3.3, 6;
    %dup/vec4;
    %pushi/vec4 7, 0, 5;
    %cmp/u;
    %jmp/1 T_3.4, 6;
    %dup/vec4;
    %pushi/vec4 9, 0, 5;
    %cmp/u;
    %jmp/1 T_3.5, 6;
    %dup/vec4;
    %pushi/vec4 11, 0, 5;
    %cmp/u;
    %jmp/1 T_3.6, 6;
    %dup/vec4;
    %pushi/vec4 13, 0, 5;
    %cmp/u;
    %jmp/1 T_3.7, 6;
    %dup/vec4;
    %pushi/vec4 15, 0, 5;
    %cmp/u;
    %jmp/1 T_3.8, 6;
    %dup/vec4;
    %pushi/vec4 17, 0, 5;
    %cmp/u;
    %jmp/1 T_3.9, 6;
    %dup/vec4;
    %pushi/vec4 18, 0, 5;
    %cmp/u;
    %jmp/1 T_3.10, 6;
    %dup/vec4;
    %pushi/vec4 19, 0, 5;
    %cmp/u;
    %jmp/1 T_3.11, 6;
    %dup/vec4;
    %pushi/vec4 2, 0, 5;
    %cmp/u;
    %jmp/1 T_3.12, 6;
    %dup/vec4;
    %pushi/vec4 4, 0, 5;
    %cmp/u;
    %jmp/1 T_3.13, 6;
    %dup/vec4;
    %pushi/vec4 6, 0, 5;
    %cmp/u;
    %jmp/1 T_3.14, 6;
    %dup/vec4;
    %pushi/vec4 8, 0, 5;
    %cmp/u;
    %jmp/1 T_3.15, 6;
    %dup/vec4;
    %pushi/vec4 10, 0, 5;
    %cmp/u;
    %jmp/1 T_3.16, 6;
    %dup/vec4;
    %pushi/vec4 12, 0, 5;
    %cmp/u;
    %jmp/1 T_3.17, 6;
    %dup/vec4;
    %pushi/vec4 14, 0, 5;
    %cmp/u;
    %jmp/1 T_3.18, 6;
    %dup/vec4;
    %pushi/vec4 16, 0, 5;
    %cmp/u;
    %jmp/1 T_3.19, 6;
    %jmp T_3.20;
T_3.0 ;
    %pushi/vec4 1, 0, 1;
    %store/vec4 v0x55fce08dcdc0_0, 0, 1;
    %pushi/vec4 0, 0, 2;
    %store/vec4 v0x55fce08bf780_0, 0, 2;
    %pushi/vec4 0, 0, 1;
    %store/vec4 v0x55fce08ad930_0, 0, 1;
    %pushi/vec4 0, 0, 1;
    %store/vec4 v0x55fce08c1830_0, 0, 1;
    %pushi/vec4 0, 0, 1;
    %store/vec4 v0x55fce08c1930_0, 0, 1;
    %pushi/vec4 0, 0, 1;
    %store/vec4 v0x55fce08dce80_0, 0, 1;
    %pushi/vec4 0, 0, 1;
    %store/vec4 v0x55fce08bd600_0, 0, 1;
    %jmp T_3.20;
T_3.1 ;
    %pushi/vec4 0, 0, 1;
    %store/vec4 v0x55fce08dcdc0_0, 0, 1;
    %pushi/vec4 1, 0, 2;
    %store/vec4 v0x55fce08bf780_0, 0, 2;
    %pushi/vec4 1, 0, 1;
    %store/vec4 v0x55fce08ad930_0, 0, 1;
    %pushi/vec4 0, 0, 1;
    %store/vec4 v0x55fce08c1830_0, 0, 1;
    %pushi/vec4 0, 0, 1;
    %store/vec4 v0x55fce08c1930_0, 0, 1;
    %pushi/vec4 0, 0, 1;
    %store/vec4 v0x55fce08dce80_0, 0, 1;
    %pushi/vec4 0, 0, 1;
    %store/vec4 v0x55fce08bd600_0, 0, 1;
    %jmp T_3.20;
T_3.2 ;
    %pushi/vec4 0, 0, 1;
    %store/vec4 v0x55fce08dcdc0_0, 0, 1;
    %pushi/vec4 1, 0, 2;
    %store/vec4 v0x55fce08bf780_0, 0, 2;
    %pushi/vec4 1, 0, 1;
    %store/vec4 v0x55fce08ad930_0, 0, 1;
    %pushi/vec4 0, 0, 1;
    %store/vec4 v0x55fce08c1830_0, 0, 1;
    %pushi/vec4 0, 0, 1;
    %store/vec4 v0x55fce08c1930_0, 0, 1;
    %pushi/vec4 0, 0, 1;
    %store/vec4 v0x55fce08dce80_0, 0, 1;
    %pushi/vec4 0, 0, 1;
    %store/vec4 v0x55fce08bd600_0, 0, 1;
    %jmp T_3.20;
T_3.3 ;
    %pushi/vec4 0, 0, 1;
    %store/vec4 v0x55fce08dcdc0_0, 0, 1;
    %pushi/vec4 1, 0, 2;
    %store/vec4 v0x55fce08bf780_0, 0, 2;
    %pushi/vec4 1, 0, 1;
    %store/vec4 v0x55fce08ad930_0, 0, 1;
    %pushi/vec4 0, 0, 1;
    %store/vec4 v0x55fce08c1830_0, 0, 1;
    %pushi/vec4 0, 0, 1;
    %store/vec4 v0x55fce08c1930_0, 0, 1;
    %pushi/vec4 0, 0, 1;
    %store/vec4 v0x55fce08dce80_0, 0, 1;
    %pushi/vec4 0, 0, 1;
    %store/vec4 v0x55fce08bd600_0, 0, 1;
    %jmp T_3.20;
T_3.4 ;
    %pushi/vec4 0, 0, 1;
    %store/vec4 v0x55fce08dcdc0_0, 0, 1;
    %pushi/vec4 2, 0, 2;
    %store/vec4 v0x55fce08bf780_0, 0, 2;
    %pushi/vec4 0, 0, 1;
    %store/vec4 v0x55fce08ad930_0, 0, 1;
    %pushi/vec4 1, 0, 1;
    %store/vec4 v0x55fce08c1830_0, 0, 1;
    %pushi/vec4 0, 0, 1;
    %store/vec4 v0x55fce08c1930_0, 0, 1;
    %pushi/vec4 0, 0, 1;
    %store/vec4 v0x55fce08dce80_0, 0, 1;
    %pushi/vec4 0, 0, 1;
    %store/vec4 v0x55fce08bd600_0, 0, 1;
    %jmp T_3.20;
T_3.5 ;
    %pushi/vec4 0, 0, 1;
    %store/vec4 v0x55fce08dcdc0_0, 0, 1;
    %pushi/vec4 2, 0, 2;
    %store/vec4 v0x55fce08bf780_0, 0, 2;
    %pushi/vec4 0, 0, 1;
    %store/vec4 v0x55fce08ad930_0, 0, 1;
    %pushi/vec4 1, 0, 1;
    %store/vec4 v0x55fce08c1830_0, 0, 1;
    %pushi/vec4 0, 0, 1;
    %store/vec4 v0x55fce08c1930_0, 0, 1;
    %pushi/vec4 0, 0, 1;
    %store/vec4 v0x55fce08dce80_0, 0, 1;
    %pushi/vec4 0, 0, 1;
    %store/vec4 v0x55fce08bd600_0, 0, 1;
    %jmp T_3.20;
T_3.6 ;
    %pushi/vec4 0, 0, 1;
    %store/vec4 v0x55fce08dcdc0_0, 0, 1;
    %pushi/vec4 2, 0, 2;
    %store/vec4 v0x55fce08bf780_0, 0, 2;
    %pushi/vec4 0, 0, 1;
    %store/vec4 v0x55fce08ad930_0, 0, 1;
    %pushi/vec4 1, 0, 1;
    %store/vec4 v0x55fce08c1830_0, 0, 1;
    %pushi/vec4 0, 0, 1;
    %store/vec4 v0x55fce08c1930_0, 0, 1;
    %pushi/vec4 0, 0, 1;
    %store/vec4 v0x55fce08dce80_0, 0, 1;
    %pushi/vec4 0, 0, 1;
    %store/vec4 v0x55fce08bd600_0, 0, 1;
    %jmp T_3.20;
T_3.7 ;
    %pushi/vec4 0, 0, 1;
    %store/vec4 v0x55fce08dcdc0_0, 0, 1;
    %pushi/vec4 3, 0, 2;
    %store/vec4 v0x55fce08bf780_0, 0, 2;
    %pushi/vec4 0, 0, 1;
    %store/vec4 v0x55fce08ad930_0, 0, 1;
    %pushi/vec4 0, 0, 1;
    %store/vec4 v0x55fce08c1830_0, 0, 1;
    %pushi/vec4 1, 0, 1;
    %store/vec4 v0x55fce08c1930_0, 0, 1;
    %pushi/vec4 0, 0, 1;
    %store/vec4 v0x55fce08dce80_0, 0, 1;
    %pushi/vec4 0, 0, 1;
    %store/vec4 v0x55fce08bd600_0, 0, 1;
    %jmp T_3.20;
T_3.8 ;
    %pushi/vec4 0, 0, 1;
    %store/vec4 v0x55fce08dcdc0_0, 0, 1;
    %pushi/vec4 3, 0, 2;
    %store/vec4 v0x55fce08bf780_0, 0, 2;
    %pushi/vec4 0, 0, 1;
    %store/vec4 v0x55fce08ad930_0, 0, 1;
    %pushi/vec4 0, 0, 1;
    %store/vec4 v0x55fce08c1830_0, 0, 1;
    %pushi/vec4 1, 0, 1;
    %store/vec4 v0x55fce08c1930_0, 0, 1;
    %pushi/vec4 0, 0, 1;
    %store/vec4 v0x55fce08dce80_0, 0, 1;
    %pushi/vec4 0, 0, 1;
    %store/vec4 v0x55fce08bd600_0, 0, 1;
    %jmp T_3.20;
T_3.9 ;
    %pushi/vec4 0, 0, 1;
    %store/vec4 v0x55fce08dcdc0_0, 0, 1;
    %pushi/vec4 3, 0, 2;
    %store/vec4 v0x55fce08bf780_0, 0, 2;
    %pushi/vec4 0, 0, 1;
    %store/vec4 v0x55fce08ad930_0, 0, 1;
    %pushi/vec4 0, 0, 1;
    %store/vec4 v0x55fce08c1830_0, 0, 1;
    %pushi/vec4 1, 0, 1;
    %store/vec4 v0x55fce08c1930_0, 0, 1;
    %pushi/vec4 1, 0, 1;
    %store/vec4 v0x55fce08dce80_0, 0, 1;
    %pushi/vec4 1, 0, 1;
    %store/vec4 v0x55fce08bd600_0, 0, 1;
    %jmp T_3.20;
T_3.10 ;
    %pushi/vec4 0, 0, 1;
    %store/vec4 v0x55fce08dcdc0_0, 0, 1;
    %pushi/vec4 0, 0, 2;
    %store/vec4 v0x55fce08bf780_0, 0, 2;
    %pushi/vec4 0, 0, 1;
    %store/vec4 v0x55fce08ad930_0, 0, 1;
    %pushi/vec4 0, 0, 1;
    %store/vec4 v0x55fce08c1830_0, 0, 1;
    %pushi/vec4 0, 0, 1;
    %store/vec4 v0x55fce08c1930_0, 0, 1;
    %pushi/vec4 1, 0, 1;
    %store/vec4 v0x55fce08dce80_0, 0, 1;
    %pushi/vec4 1, 0, 1;
    %store/vec4 v0x55fce08bd600_0, 0, 1;
    %jmp T_3.20;
T_3.11 ;
    %pushi/vec4 0, 0, 1;
    %store/vec4 v0x55fce08dcdc0_0, 0, 1;
    %pushi/vec4 0, 0, 2;
    %store/vec4 v0x55fce08bf780_0, 0, 2;
    %pushi/vec4 0, 0, 1;
    %store/vec4 v0x55fce08ad930_0, 0, 1;
    %pushi/vec4 0, 0, 1;
    %store/vec4 v0x55fce08c1830_0, 0, 1;
    %pushi/vec4 0, 0, 1;
    %store/vec4 v0x55fce08c1930_0, 0, 1;
    %pushi/vec4 0, 0, 1;
    %store/vec4 v0x55fce08dce80_0, 0, 1;
    %pushi/vec4 0, 0, 1;
    %store/vec4 v0x55fce08bd600_0, 0, 1;
    %jmp T_3.20;
T_3.12 ;
    %pushi/vec4 0, 0, 1;
    %store/vec4 v0x55fce08dcdc0_0, 0, 1;
    %pushi/vec4 0, 0, 2;
    %store/vec4 v0x55fce08bf780_0, 0, 2;
    %pushi/vec4 0, 0, 1;
    %store/vec4 v0x55fce08ad930_0, 0, 1;
    %pushi/vec4 0, 0, 1;
    %store/vec4 v0x55fce08c1830_0, 0, 1;
    %pushi/vec4 0, 0, 1;
    %store/vec4 v0x55fce08c1930_0, 0, 1;
    %pushi/vec4 0, 0, 1;
    %store/vec4 v0x55fce08dce80_0, 0, 1;
    %pushi/vec4 0, 0, 1;
    %store/vec4 v0x55fce08bd600_0, 0, 1;
    %jmp T_3.20;
T_3.13 ;
    %pushi/vec4 0, 0, 1;
    %store/vec4 v0x55fce08dcdc0_0, 0, 1;
    %pushi/vec4 0, 0, 2;
    %store/vec4 v0x55fce08bf780_0, 0, 2;
    %pushi/vec4 0, 0, 1;
    %store/vec4 v0x55fce08ad930_0, 0, 1;
    %pushi/vec4 0, 0, 1;
    %store/vec4 v0x55fce08c1830_0, 0, 1;
    %pushi/vec4 0, 0, 1;
    %store/vec4 v0x55fce08c1930_0, 0, 1;
    %pushi/vec4 0, 0, 1;
    %store/vec4 v0x55fce08dce80_0, 0, 1;
    %pushi/vec4 0, 0, 1;
    %store/vec4 v0x55fce08bd600_0, 0, 1;
    %jmp T_3.20;
T_3.14 ;
    %pushi/vec4 0, 0, 1;
    %store/vec4 v0x55fce08dcdc0_0, 0, 1;
    %pushi/vec4 0, 0, 2;
    %store/vec4 v0x55fce08bf780_0, 0, 2;
    %pushi/vec4 0, 0, 1;
    %store/vec4 v0x55fce08ad930_0, 0, 1;
    %pushi/vec4 0, 0, 1;
    %store/vec4 v0x55fce08c1830_0, 0, 1;
    %pushi/vec4 0, 0, 1;
    %store/vec4 v0x55fce08c1930_0, 0, 1;
    %pushi/vec4 0, 0, 1;
    %store/vec4 v0x55fce08dce80_0, 0, 1;
    %pushi/vec4 0, 0, 1;
    %store/vec4 v0x55fce08bd600_0, 0, 1;
    %jmp T_3.20;
T_3.15 ;
    %pushi/vec4 0, 0, 1;
    %store/vec4 v0x55fce08dcdc0_0, 0, 1;
    %pushi/vec4 0, 0, 2;
    %store/vec4 v0x55fce08bf780_0, 0, 2;
    %pushi/vec4 0, 0, 1;
    %store/vec4 v0x55fce08ad930_0, 0, 1;
    %pushi/vec4 0, 0, 1;
    %store/vec4 v0x55fce08c1830_0, 0, 1;
    %pushi/vec4 0, 0, 1;
    %store/vec4 v0x55fce08c1930_0, 0, 1;
    %pushi/vec4 0, 0, 1;
    %store/vec4 v0x55fce08dce80_0, 0, 1;
    %pushi/vec4 0, 0, 1;
    %store/vec4 v0x55fce08bd600_0, 0, 1;
    %jmp T_3.20;
T_3.16 ;
    %pushi/vec4 0, 0, 1;
    %store/vec4 v0x55fce08dcdc0_0, 0, 1;
    %pushi/vec4 0, 0, 2;
    %store/vec4 v0x55fce08bf780_0, 0, 2;
    %pushi/vec4 0, 0, 1;
    %store/vec4 v0x55fce08ad930_0, 0, 1;
    %pushi/vec4 0, 0, 1;
    %store/vec4 v0x55fce08c1830_0, 0, 1;
    %pushi/vec4 0, 0, 1;
    %store/vec4 v0x55fce08c1930_0, 0, 1;
    %pushi/vec4 0, 0, 1;
    %store/vec4 v0x55fce08dce80_0, 0, 1;
    %pushi/vec4 0, 0, 1;
    %store/vec4 v0x55fce08bd600_0, 0, 1;
    %jmp T_3.20;
T_3.17 ;
    %pushi/vec4 0, 0, 1;
    %store/vec4 v0x55fce08dcdc0_0, 0, 1;
    %pushi/vec4 0, 0, 2;
    %store/vec4 v0x55fce08bf780_0, 0, 2;
    %pushi/vec4 0, 0, 1;
    %store/vec4 v0x55fce08ad930_0, 0, 1;
    %pushi/vec4 0, 0, 1;
    %store/vec4 v0x55fce08c1830_0, 0, 1;
    %pushi/vec4 0, 0, 1;
    %store/vec4 v0x55fce08c1930_0, 0, 1;
    %pushi/vec4 0, 0, 1;
    %store/vec4 v0x55fce08dce80_0, 0, 1;
    %pushi/vec4 0, 0, 1;
    %store/vec4 v0x55fce08bd600_0, 0, 1;
    %jmp T_3.20;
T_3.18 ;
    %pushi/vec4 0, 0, 1;
    %store/vec4 v0x55fce08dcdc0_0, 0, 1;
    %pushi/vec4 0, 0, 2;
    %store/vec4 v0x55fce08bf780_0, 0, 2;
    %pushi/vec4 0, 0, 1;
    %store/vec4 v0x55fce08ad930_0, 0, 1;
    %pushi/vec4 0, 0, 1;
    %store/vec4 v0x55fce08c1830_0, 0, 1;
    %pushi/vec4 0, 0, 1;
    %store/vec4 v0x55fce08c1930_0, 0, 1;
    %pushi/vec4 0, 0, 1;
    %store/vec4 v0x55fce08dce80_0, 0, 1;
    %pushi/vec4 0, 0, 1;
    %store/vec4 v0x55fce08bd600_0, 0, 1;
    %jmp T_3.20;
T_3.19 ;
    %pushi/vec4 0, 0, 1;
    %store/vec4 v0x55fce08dcdc0_0, 0, 1;
    %pushi/vec4 0, 0, 2;
    %store/vec4 v0x55fce08bf780_0, 0, 2;
    %pushi/vec4 0, 0, 1;
    %store/vec4 v0x55fce08ad930_0, 0, 1;
    %pushi/vec4 0, 0, 1;
    %store/vec4 v0x55fce08c1830_0, 0, 1;
    %pushi/vec4 0, 0, 1;
    %store/vec4 v0x55fce08c1930_0, 0, 1;
    %pushi/vec4 0, 0, 1;
    %store/vec4 v0x55fce08dce80_0, 0, 1;
    %pushi/vec4 0, 0, 1;
    %store/vec4 v0x55fce08bd600_0, 0, 1;
    %jmp T_3.20;
T_3.20 ;
    %pop/vec4 1;
    %jmp T_3;
    .thread T_3, $push;
    .scope S_0x55fce08e0090;
T_4 ;
    %pushi/vec4 0, 0, 1;
    %store/vec4 v0x55fce08e0960_0, 0, 1;
    %pushi/vec4 0, 0, 1;
    %store/vec4 v0x55fce08e08a0_0, 0, 1;
    %pushi/vec4 0, 0, 1;
    %store/vec4 v0x55fce08e07e0_0, 0, 1;
    %pushi/vec4 0, 0, 1;
    %store/vec4 v0x55fce08e0c30_0, 0, 1;
    %pushi/vec4 0, 0, 1;
    %store/vec4 v0x55fce08e0b70_0, 0, 1;
    %pushi/vec4 0, 0, 1;
    %store/vec4 v0x55fce08e0a20_0, 0, 1;
    %pushi/vec4 0, 0, 1;
    %store/vec4 v0x55fce08e0e70_0, 0, 1;
    %pushi/vec4 0, 0, 1;
    %store/vec4 v0x55fce08e0db0_0, 0, 1;
    %pushi/vec4 0, 0, 1;
    %store/vec4 v0x55fce08e0cf0_0, 0, 1;
    %end;
    .thread T_4;
    .scope S_0x55fce08e0090;
T_5 ;
    %wait E_0x55fce08c3bc0;
    %load/vec4 v0x55fce08e0f30_0;
    %flag_set/vec4 8;
    %jmp/0xz  T_5.0, 8;
    %pushi/vec4 0, 0, 1;
    %assign/vec4 v0x55fce08e0960_0, 0;
    %pushi/vec4 0, 0, 1;
    %assign/vec4 v0x55fce08e08a0_0, 0;
    %pushi/vec4 0, 0, 1;
    %assign/vec4 v0x55fce08e07e0_0, 0;
    %pushi/vec4 0, 0, 1;
    %assign/vec4 v0x55fce08e0c30_0, 0;
    %pushi/vec4 0, 0, 1;
    %assign/vec4 v0x55fce08e0b70_0, 0;
    %pushi/vec4 0, 0, 1;
    %assign/vec4 v0x55fce08e0a20_0, 0;
    %pushi/vec4 0, 0, 1;
    %assign/vec4 v0x55fce08e0e70_0, 0;
    %pushi/vec4 0, 0, 1;
    %assign/vec4 v0x55fce08e0db0_0, 0;
    %pushi/vec4 0, 0, 1;
    %assign/vec4 v0x55fce08e0cf0_0, 0;
    %jmp T_5.1;
T_5.0 ;
    %load/vec4 v0x55fce08e03d0_0;
    %flag_set/vec4 8;
    %jmp/0xz  T_5.2, 8;
    %load/vec4 v0x55fce08e06b0_0;
    %parti/s 1, 0, 2;
    %assign/vec4 v0x55fce08e0960_0, 0;
    %load/vec4 v0x55fce08e0960_0;
    %assign/vec4 v0x55fce08e08a0_0, 0;
    %load/vec4 v0x55fce08e08a0_0;
    %assign/vec4 v0x55fce08e07e0_0, 0;
    %jmp T_5.3;
T_5.2 ;
    %load/vec4 v0x55fce08e04b0_0;
    %flag_set/vec4 8;
    %jmp/0xz  T_5.4, 8;
    %load/vec4 v0x55fce08e06b0_0;
    %parti/s 1, 1, 2;
    %assign/vec4 v0x55fce08e0c30_0, 0;
    %load/vec4 v0x55fce08e0c30_0;
    %assign/vec4 v0x55fce08e0b70_0, 0;
    %load/vec4 v0x55fce08e0b70_0;
    %assign/vec4 v0x55fce08e0a20_0, 0;
    %jmp T_5.5;
T_5.4 ;
    %load/vec4 v0x55fce08e0570_0;
    %flag_set/vec4 8;
    %jmp/0xz  T_5.6, 8;
    %load/vec4 v0x55fce08e06b0_0;
    %parti/s 1, 2, 3;
    %assign/vec4 v0x55fce08e0e70_0, 0;
    %load/vec4 v0x55fce08e0e70_0;
    %assign/vec4 v0x55fce08e0db0_0, 0;
    %load/vec4 v0x55fce08e0db0_0;
    %assign/vec4 v0x55fce08e0cf0_0, 0;
T_5.6 ;
T_5.5 ;
T_5.3 ;
T_5.1 ;
    %jmp T_5;
    .thread T_5;
    .scope S_0x55fce08e1240;
T_6 ;
    %wait E_0x55fce08e13e0;
    %load/vec4 v0x55fce08e1620_0;
    %dup/vec4;
    %pushi/vec4 0, 0, 2;
    %cmp/u;
    %jmp/1 T_6.0, 6;
    %dup/vec4;
    %pushi/vec4 1, 0, 2;
    %cmp/u;
    %jmp/1 T_6.1, 6;
    %dup/vec4;
    %pushi/vec4 1, 0, 2;
    %cmp/u;
    %jmp/1 T_6.2, 6;
    %dup/vec4;
    %pushi/vec4 1, 0, 2;
    %cmp/u;
    %jmp/1 T_6.3, 6;
    %dup/vec4;
    %pushi/vec4 2, 0, 2;
    %cmp/u;
    %jmp/1 T_6.4, 6;
    %dup/vec4;
    %pushi/vec4 2, 0, 2;
    %cmp/u;
    %jmp/1 T_6.5, 6;
    %dup/vec4;
    %pushi/vec4 2, 0, 2;
    %cmp/u;
    %jmp/1 T_6.6, 6;
    %dup/vec4;
    %pushi/vec4 3, 0, 2;
    %cmp/u;
    %jmp/1 T_6.7, 6;
    %dup/vec4;
    %pushi/vec4 3, 0, 2;
    %cmp/u;
    %jmp/1 T_6.8, 6;
    %dup/vec4;
    %pushi/vec4 3, 0, 2;
    %cmp/u;
    %jmp/1 T_6.9, 6;
    %pushi/vec4 0, 0, 4;
    %store/vec4 v0x55fce08e1540_0, 0, 4;
    %jmp T_6.11;
T_6.0 ;
    %pushi/vec4 0, 0, 4;
    %store/vec4 v0x55fce08e1540_0, 0, 4;
    %jmp T_6.11;
T_6.1 ;
    %load/vec4 v0x55fce08e1460_0;
    %ix/load 4, 0, 0;
    %flag_set/imm 4, 0;
    %store/vec4 v0x55fce08e1540_0, 4, 1;
    %pushi/vec4 0, 0, 3;
    %ix/load 4, 1, 0;
    %flag_set/imm 4, 0;
    %store/vec4 v0x55fce08e1540_0, 4, 3;
    %jmp T_6.11;
T_6.2 ;
    %load/vec4 v0x55fce08e1460_0;
    %ix/load 4, 0, 0;
    %flag_set/imm 4, 0;
    %store/vec4 v0x55fce08e1540_0, 4, 1;
    %pushi/vec4 0, 0, 3;
    %ix/load 4, 1, 0;
    %flag_set/imm 4, 0;
    %store/vec4 v0x55fce08e1540_0, 4, 3;
    %jmp T_6.11;
T_6.3 ;
    %load/vec4 v0x55fce08e1460_0;
    %ix/load 4, 0, 0;
    %flag_set/imm 4, 0;
    %store/vec4 v0x55fce08e1540_0, 4, 1;
    %pushi/vec4 0, 0, 3;
    %ix/load 4, 1, 0;
    %flag_set/imm 4, 0;
    %store/vec4 v0x55fce08e1540_0, 4, 3;
    %jmp T_6.11;
T_6.4 ;
    %load/vec4 v0x55fce08e1460_0;
    %ix/load 4, 1, 0;
    %flag_set/imm 4, 0;
    %store/vec4 v0x55fce08e1540_0, 4, 1;
    %pushi/vec4 0, 0, 1;
    %ix/load 4, 0, 0;
    %flag_set/imm 4, 0;
    %store/vec4 v0x55fce08e1540_0, 4, 1;
    %jmp T_6.11;
T_6.5 ;
    %load/vec4 v0x55fce08e1460_0;
    %ix/load 4, 1, 0;
    %flag_set/imm 4, 0;
    %store/vec4 v0x55fce08e1540_0, 4, 1;
    %pushi/vec4 0, 0, 1;
    %ix/load 4, 0, 0;
    %flag_set/imm 4, 0;
    %store/vec4 v0x55fce08e1540_0, 4, 1;
    %jmp T_6.11;
T_6.6 ;
    %load/vec4 v0x55fce08e1460_0;
    %ix/load 4, 1, 0;
    %flag_set/imm 4, 0;
    %store/vec4 v0x55fce08e1540_0, 4, 1;
    %pushi/vec4 0, 0, 1;
    %ix/load 4, 0, 0;
    %flag_set/imm 4, 0;
    %store/vec4 v0x55fce08e1540_0, 4, 1;
    %jmp T_6.11;
T_6.7 ;
    %load/vec4 v0x55fce08e1460_0;
    %ix/load 4, 2, 0;
    %flag_set/imm 4, 0;
    %store/vec4 v0x55fce08e1540_0, 4, 1;
    %pushi/vec4 0, 0, 2;
    %ix/load 4, 0, 0;
    %flag_set/imm 4, 0;
    %store/vec4 v0x55fce08e1540_0, 4, 2;
    %jmp T_6.11;
T_6.8 ;
    %load/vec4 v0x55fce08e1460_0;
    %ix/load 4, 2, 0;
    %flag_set/imm 4, 0;
    %store/vec4 v0x55fce08e1540_0, 4, 1;
    %pushi/vec4 0, 0, 2;
    %ix/load 4, 0, 0;
    %flag_set/imm 4, 0;
    %store/vec4 v0x55fce08e1540_0, 4, 2;
    %jmp T_6.11;
T_6.9 ;
    %load/vec4 v0x55fce08e1460_0;
    %ix/load 4, 2, 0;
    %flag_set/imm 4, 0;
    %store/vec4 v0x55fce08e1540_0, 4, 1;
    %pushi/vec4 0, 0, 2;
    %ix/load 4, 0, 0;
    %flag_set/imm 4, 0;
    %store/vec4 v0x55fce08e1540_0, 4, 2;
    %jmp T_6.11;
T_6.11 ;
    %pop/vec4 1;
    %jmp T_6;
    .thread T_6, $push;
    .scope S_0x55fce08e1760;
T_7 ;
    %wait E_0x55fce08c3bc0;
    %load/vec4 v0x55fce08e1e20_0;
    %flag_set/vec4 8;
    %jmp/0xz  T_7.0, 8;
    %pushi/vec4 0, 0, 1;
    %assign/vec4 v0x55fce08e1d10_0, 0;
    %pushi/vec4 0, 0, 1;
    %assign/vec4 v0x55fce08e1ec0_0, 0;
    %pushi/vec4 0, 0, 4;
    %assign/vec4 v0x55fce08e1b70_0, 0;
    %jmp T_7.1;
T_7.0 ;
    %load/vec4 v0x55fce08e1ab0_0;
    %flag_set/vec4 8;
    %jmp/0xz  T_7.2, 8;
    %load/vec4 v0x55fce08e1c30_0;
    %load/vec4 v0x55fce08e1b70_0;
    %part/u 1;
    %assign/vec4 v0x55fce08e1ec0_0, 0;
    %load/vec4 v0x55fce08e1b70_0;
    %addi 1, 0, 4;
    %assign/vec4 v0x55fce08e1b70_0, 0;
    %pushi/vec4 7, 0, 32;
    %load/vec4 v0x55fce08e1b70_0;
    %pad/u 32;
    %cmp/u;
    %jmp/0xz  T_7.4, 5;
    %pushi/vec4 0, 0, 1;
    %assign/vec4 v0x55fce08e1ec0_0, 0;
T_7.4 ;
    %load/vec4 v0x55fce08e1b70_0;
    %pad/u 32;
    %cmpi/e 8, 0, 32;
    %jmp/0xz  T_7.6, 4;
    %pushi/vec4 1, 0, 1;
    %assign/vec4 v0x55fce08e1d10_0, 0;
T_7.6 ;
    %load/vec4 v0x55fce08e1b70_0;
    %pad/u 32;
    %cmpi/e 8, 0, 32;
    %jmp/0xz  T_7.8, 4;
    %pushi/vec4 15, 0, 4;
    %assign/vec4 v0x55fce08e1b70_0, 0;
    %jmp T_7.9;
T_7.8 ;
    %pushi/vec4 0, 0, 1;
    %assign/vec4 v0x55fce08e1d10_0, 0;
T_7.9 ;
T_7.2 ;
T_7.1 ;
    %jmp T_7;
    .thread T_7;
    .scope S_0x55fce08e2080;
T_8 ;
    %pushi/vec4 0, 0, 2;
    %store/vec4 v0x55fce08e2960_0, 0, 2;
    %end;
    .thread T_8;
    .scope S_0x55fce08e2080;
T_9 ;
    %wait E_0x55fce08c3bc0;
    %load/vec4 v0x55fce08e28c0_0;
    %flag_set/vec4 8;
    %jmp/0xz  T_9.0, 8;
    %pushi/vec4 0, 0, 2;
    %assign/vec4 v0x55fce08e2960_0, 0;
    %jmp T_9.1;
T_9.0 ;
    %load/vec4 v0x55fce08e2800_0;
    %assign/vec4 v0x55fce08e2960_0, 0;
T_9.1 ;
    %jmp T_9;
    .thread T_9;
    .scope S_0x55fce08e2080;
T_10 ;
    %wait E_0x55fce08e2620;
    %load/vec4 v0x55fce08e2960_0;
    %dup/vec4;
    %pushi/vec4 0, 0, 2;
    %cmp/u;
    %jmp/1 T_10.0, 6;
    %dup/vec4;
    %pushi/vec4 1, 0, 2;
    %cmp/u;
    %jmp/1 T_10.1, 6;
    %dup/vec4;
    %pushi/vec4 2, 0, 2;
    %cmp/u;
    %jmp/1 T_10.2, 6;
    %jmp T_10.3;
T_10.0 ;
    %pushi/vec4 1, 0, 2;
    %store/vec4 v0x55fce08e2800_0, 0, 2;
    %jmp T_10.3;
T_10.1 ;
    %load/vec4 v0x55fce08e2740_0;
    %load/vec4 v0x55fce08e2b20_0;
    %pad/u 12;
    %cmp/e;
    %jmp/0xz  T_10.4, 4;
    %pushi/vec4 2, 0, 2;
    %store/vec4 v0x55fce08e2800_0, 0, 2;
    %jmp T_10.5;
T_10.4 ;
    %pushi/vec4 1, 0, 2;
    %store/vec4 v0x55fce08e2800_0, 0, 2;
T_10.5 ;
    %jmp T_10.3;
T_10.2 ;
    %load/vec4 v0x55fce08e2740_0;
    %load/vec4 v0x55fce08e2b20_0;
    %pad/u 12;
    %sub;
    %load/vec4 v0x55fce08e2a40_0;
    %pad/u 12;
    %cmp/e;
    %jmp/0xz  T_10.6, 4;
    %pushi/vec4 0, 0, 2;
    %store/vec4 v0x55fce08e2800_0, 0, 2;
    %jmp T_10.7;
T_10.6 ;
    %pushi/vec4 2, 0, 2;
    %store/vec4 v0x55fce08e2800_0, 0, 2;
T_10.7 ;
    %jmp T_10.3;
T_10.3 ;
    %pop/vec4 1;
    %jmp T_10;
    .thread T_10, $push;
    .scope S_0x55fce08e2080;
T_11 ;
    %wait E_0x55fce08e25c0;
    %load/vec4 v0x55fce08e2960_0;
    %dup/vec4;
    %pushi/vec4 0, 0, 2;
    %cmp/u;
    %jmp/1 T_11.0, 6;
    %dup/vec4;
    %pushi/vec4 1, 0, 2;
    %cmp/u;
    %jmp/1 T_11.1, 6;
    %dup/vec4;
    %pushi/vec4 2, 0, 2;
    %cmp/u;
    %jmp/1 T_11.2, 6;
    %jmp T_11.3;
T_11.0 ;
    %pushi/vec4 0, 0, 1;
    %store/vec4 v0x55fce08e2c00_0, 0, 1;
    %jmp T_11.3;
T_11.1 ;
    %pushi/vec4 1, 0, 1;
    %store/vec4 v0x55fce08e2c00_0, 0, 1;
    %jmp T_11.3;
T_11.2 ;
    %pushi/vec4 0, 0, 1;
    %store/vec4 v0x55fce08e2c00_0, 0, 1;
    %jmp T_11.3;
T_11.3 ;
    %pop/vec4 1;
    %jmp T_11;
    .thread T_11, $push;
    .scope S_0x55fce08e2dc0;
T_12 ;
    %pushi/vec4 0, 0, 2;
    %store/vec4 v0x55fce08e3720_0, 0, 2;
    %end;
    .thread T_12;
    .scope S_0x55fce08e2dc0;
T_13 ;
    %wait E_0x55fce08c3bc0;
    %load/vec4 v0x55fce08e3680_0;
    %flag_set/vec4 8;
    %jmp/0xz  T_13.0, 8;
    %pushi/vec4 0, 0, 2;
    %assign/vec4 v0x55fce08e3720_0, 0;
    %jmp T_13.1;
T_13.0 ;
    %load/vec4 v0x55fce08e35c0_0;
    %assign/vec4 v0x55fce08e3720_0, 0;
T_13.1 ;
    %jmp T_13;
    .thread T_13;
    .scope S_0x55fce08e2dc0;
T_14 ;
    %wait E_0x55fce08e32d0;
    %load/vec4 v0x55fce08e3720_0;
    %dup/vec4;
    %pushi/vec4 0, 0, 2;
    %cmp/u;
    %jmp/1 T_14.0, 6;
    %dup/vec4;
    %pushi/vec4 1, 0, 2;
    %cmp/u;
    %jmp/1 T_14.1, 6;
    %dup/vec4;
    %pushi/vec4 2, 0, 2;
    %cmp/u;
    %jmp/1 T_14.2, 6;
    %jmp T_14.3;
T_14.0 ;
    %pushi/vec4 1, 0, 2;
    %store/vec4 v0x55fce08e35c0_0, 0, 2;
    %jmp T_14.3;
T_14.1 ;
    %load/vec4 v0x55fce08e3500_0;
    %load/vec4 v0x55fce08e3800_0;
    %pad/u 12;
    %cmp/e;
    %jmp/0xz  T_14.4, 4;
    %pushi/vec4 2, 0, 2;
    %store/vec4 v0x55fce08e35c0_0, 0, 2;
    %jmp T_14.5;
T_14.4 ;
    %pushi/vec4 1, 0, 2;
    %store/vec4 v0x55fce08e35c0_0, 0, 2;
T_14.5 ;
    %jmp T_14.3;
T_14.2 ;
    %load/vec4 v0x55fce08e3500_0;
    %load/vec4 v0x55fce08e3800_0;
    %pad/u 12;
    %sub;
    %load/vec4 v0x55fce08e38e0_0;
    %pad/u 12;
    %cmp/e;
    %jmp/0xz  T_14.6, 4;
    %pushi/vec4 0, 0, 2;
    %store/vec4 v0x55fce08e35c0_0, 0, 2;
    %jmp T_14.7;
T_14.6 ;
    %pushi/vec4 2, 0, 2;
    %store/vec4 v0x55fce08e35c0_0, 0, 2;
T_14.7 ;
    %jmp T_14.3;
T_14.3 ;
    %pop/vec4 1;
    %jmp T_14;
    .thread T_14, $push;
    .scope S_0x55fce08e2dc0;
T_15 ;
    %wait E_0x55fce08e3270;
    %load/vec4 v0x55fce08e3720_0;
    %dup/vec4;
    %pushi/vec4 0, 0, 2;
    %cmp/u;
    %jmp/1 T_15.0, 6;
    %dup/vec4;
    %pushi/vec4 1, 0, 2;
    %cmp/u;
    %jmp/1 T_15.1, 6;
    %dup/vec4;
    %pushi/vec4 2, 0, 2;
    %cmp/u;
    %jmp/1 T_15.2, 6;
    %jmp T_15.3;
T_15.0 ;
    %pushi/vec4 0, 0, 1;
    %store/vec4 v0x55fce08e39c0_0, 0, 1;
    %jmp T_15.3;
T_15.1 ;
    %pushi/vec4 0, 0, 1;
    %store/vec4 v0x55fce08e39c0_0, 0, 1;
    %jmp T_15.3;
T_15.2 ;
    %pushi/vec4 1, 0, 1;
    %store/vec4 v0x55fce08e39c0_0, 0, 1;
    %jmp T_15.3;
T_15.3 ;
    %pop/vec4 1;
    %jmp T_15;
    .thread T_15, $push;
    .scope S_0x55fce08e3b80;
T_16 ;
    %pushi/vec4 0, 0, 2;
    %store/vec4 v0x55fce08e44e0_0, 0, 2;
    %end;
    .thread T_16;
    .scope S_0x55fce08e3b80;
T_17 ;
    %wait E_0x55fce08c3bc0;
    %load/vec4 v0x55fce08e4330_0;
    %flag_set/vec4 8;
    %jmp/0xz  T_17.0, 8;
    %pushi/vec4 0, 0, 2;
    %assign/vec4 v0x55fce08e44e0_0, 0;
    %jmp T_17.1;
T_17.0 ;
    %load/vec4 v0x55fce08e4270_0;
    %assign/vec4 v0x55fce08e44e0_0, 0;
T_17.1 ;
    %jmp T_17;
    .thread T_17;
    .scope S_0x55fce08e3b80;
T_18 ;
    %wait E_0x55fce08e4090;
    %load/vec4 v0x55fce08e44e0_0;
    %dup/vec4;
    %pushi/vec4 0, 0, 2;
    %cmp/u;
    %jmp/1 T_18.0, 6;
    %dup/vec4;
    %pushi/vec4 1, 0, 2;
    %cmp/u;
    %jmp/1 T_18.1, 6;
    %dup/vec4;
    %pushi/vec4 2, 0, 2;
    %cmp/u;
    %jmp/1 T_18.2, 6;
    %jmp T_18.3;
T_18.0 ;
    %pushi/vec4 1, 0, 2;
    %store/vec4 v0x55fce08e4270_0, 0, 2;
    %jmp T_18.3;
T_18.1 ;
    %load/vec4 v0x55fce08e41b0_0;
    %load/vec4 v0x55fce08e47b0_0;
    %pad/u 12;
    %cmp/e;
    %jmp/0xz  T_18.4, 4;
    %pushi/vec4 2, 0, 2;
    %store/vec4 v0x55fce08e4270_0, 0, 2;
    %jmp T_18.5;
T_18.4 ;
    %pushi/vec4 1, 0, 2;
    %store/vec4 v0x55fce08e4270_0, 0, 2;
T_18.5 ;
    %jmp T_18.3;
T_18.2 ;
    %load/vec4 v0x55fce08e41b0_0;
    %load/vec4 v0x55fce08e47b0_0;
    %pad/u 12;
    %sub;
    %load/vec4 v0x55fce08e46d0_0;
    %pad/u 12;
    %cmp/e;
    %jmp/0xz  T_18.6, 4;
    %pushi/vec4 0, 0, 2;
    %store/vec4 v0x55fce08e4270_0, 0, 2;
    %jmp T_18.7;
T_18.6 ;
    %pushi/vec4 2, 0, 2;
    %store/vec4 v0x55fce08e4270_0, 0, 2;
T_18.7 ;
    %jmp T_18.3;
T_18.3 ;
    %pop/vec4 1;
    %jmp T_18;
    .thread T_18, $push;
    .scope S_0x55fce08e3b80;
T_19 ;
    %wait E_0x55fce08e4030;
    %load/vec4 v0x55fce08e44e0_0;
    %dup/vec4;
    %pushi/vec4 0, 0, 2;
    %cmp/u;
    %jmp/1 T_19.0, 6;
    %dup/vec4;
    %pushi/vec4 1, 0, 2;
    %cmp/u;
    %jmp/1 T_19.1, 6;
    %dup/vec4;
    %pushi/vec4 2, 0, 2;
    %cmp/u;
    %jmp/1 T_19.2, 6;
    %jmp T_19.3;
T_19.0 ;
    %pushi/vec4 0, 0, 1;
    %store/vec4 v0x55fce08e4610_0, 0, 1;
    %jmp T_19.3;
T_19.1 ;
    %pushi/vec4 1, 0, 1;
    %store/vec4 v0x55fce08e4610_0, 0, 1;
    %jmp T_19.3;
T_19.2 ;
    %pushi/vec4 0, 0, 1;
    %store/vec4 v0x55fce08e4610_0, 0, 1;
    %jmp T_19.3;
T_19.3 ;
    %pop/vec4 1;
    %jmp T_19;
    .thread T_19, $push;
    .scope S_0x55fce08e4990;
T_20 ;
    %pushi/vec4 0, 0, 2;
    %store/vec4 v0x55fce08e51e0_0, 0, 2;
    %end;
    .thread T_20;
    .scope S_0x55fce08e4990;
T_21 ;
    %wait E_0x55fce08c3bc0;
    %load/vec4 v0x55fce08e5140_0;
    %flag_set/vec4 8;
    %jmp/0xz  T_21.0, 8;
    %pushi/vec4 0, 0, 2;
    %assign/vec4 v0x55fce08e51e0_0, 0;
    %jmp T_21.1;
T_21.0 ;
    %load/vec4 v0x55fce08e5080_0;
    %assign/vec4 v0x55fce08e51e0_0, 0;
T_21.1 ;
    %jmp T_21;
    .thread T_21;
    .scope S_0x55fce08e4990;
T_22 ;
    %wait E_0x55fce08e4ea0;
    %load/vec4 v0x55fce08e51e0_0;
    %dup/vec4;
    %pushi/vec4 0, 0, 2;
    %cmp/u;
    %jmp/1 T_22.0, 6;
    %dup/vec4;
    %pushi/vec4 1, 0, 2;
    %cmp/u;
    %jmp/1 T_22.1, 6;
    %dup/vec4;
    %pushi/vec4 2, 0, 2;
    %cmp/u;
    %jmp/1 T_22.2, 6;
    %jmp T_22.3;
T_22.0 ;
    %pushi/vec4 1, 0, 2;
    %store/vec4 v0x55fce08e5080_0, 0, 2;
    %jmp T_22.3;
T_22.1 ;
    %load/vec4 v0x55fce08e4fc0_0;
    %load/vec4 v0x55fce08e53d0_0;
    %pad/u 12;
    %cmp/e;
    %jmp/0xz  T_22.4, 4;
    %pushi/vec4 2, 0, 2;
    %store/vec4 v0x55fce08e5080_0, 0, 2;
    %jmp T_22.5;
T_22.4 ;
    %pushi/vec4 1, 0, 2;
    %store/vec4 v0x55fce08e5080_0, 0, 2;
T_22.5 ;
    %jmp T_22.3;
T_22.2 ;
    %load/vec4 v0x55fce08e4fc0_0;
    %load/vec4 v0x55fce08e53d0_0;
    %pad/u 12;
    %sub;
    %load/vec4 v0x55fce08e54b0_0;
    %pad/u 12;
    %cmp/e;
    %jmp/0xz  T_22.6, 4;
    %pushi/vec4 0, 0, 2;
    %store/vec4 v0x55fce08e5080_0, 0, 2;
    %jmp T_22.7;
T_22.6 ;
    %pushi/vec4 2, 0, 2;
    %store/vec4 v0x55fce08e5080_0, 0, 2;
T_22.7 ;
    %jmp T_22.3;
T_22.3 ;
    %pop/vec4 1;
    %jmp T_22;
    .thread T_22, $push;
    .scope S_0x55fce08e4990;
T_23 ;
    %wait E_0x55fce08e4e40;
    %load/vec4 v0x55fce08e51e0_0;
    %dup/vec4;
    %pushi/vec4 0, 0, 2;
    %cmp/u;
    %jmp/1 T_23.0, 6;
    %dup/vec4;
    %pushi/vec4 1, 0, 2;
    %cmp/u;
    %jmp/1 T_23.1, 6;
    %dup/vec4;
    %pushi/vec4 2, 0, 2;
    %cmp/u;
    %jmp/1 T_23.2, 6;
    %jmp T_23.3;
T_23.0 ;
    %pushi/vec4 0, 0, 1;
    %store/vec4 v0x55fce08e5310_0, 0, 1;
    %jmp T_23.3;
T_23.1 ;
    %pushi/vec4 0, 0, 1;
    %store/vec4 v0x55fce08e5310_0, 0, 1;
    %jmp T_23.3;
T_23.2 ;
    %pushi/vec4 1, 0, 1;
    %store/vec4 v0x55fce08e5310_0, 0, 1;
    %jmp T_23.3;
T_23.3 ;
    %pop/vec4 1;
    %jmp T_23;
    .thread T_23, $push;
    .scope S_0x55fce08e5690;
T_24 ;
    %pushi/vec4 0, 0, 2;
    %store/vec4 v0x55fce08e5ff0_0, 0, 2;
    %end;
    .thread T_24;
    .scope S_0x55fce08e5690;
T_25 ;
    %wait E_0x55fce08c3bc0;
    %load/vec4 v0x55fce08e5e40_0;
    %flag_set/vec4 8;
    %jmp/0xz  T_25.0, 8;
    %pushi/vec4 0, 0, 2;
    %assign/vec4 v0x55fce08e5ff0_0, 0;
    %jmp T_25.1;
T_25.0 ;
    %load/vec4 v0x55fce08e5d80_0;
    %assign/vec4 v0x55fce08e5ff0_0, 0;
T_25.1 ;
    %jmp T_25;
    .thread T_25;
    .scope S_0x55fce08e5690;
T_26 ;
    %wait E_0x55fce08e5ba0;
    %load/vec4 v0x55fce08e5ff0_0;
    %dup/vec4;
    %pushi/vec4 0, 0, 2;
    %cmp/u;
    %jmp/1 T_26.0, 6;
    %dup/vec4;
    %pushi/vec4 1, 0, 2;
    %cmp/u;
    %jmp/1 T_26.1, 6;
    %dup/vec4;
    %pushi/vec4 2, 0, 2;
    %cmp/u;
    %jmp/1 T_26.2, 6;
    %jmp T_26.3;
T_26.0 ;
    %pushi/vec4 1, 0, 2;
    %store/vec4 v0x55fce08e5d80_0, 0, 2;
    %jmp T_26.3;
T_26.1 ;
    %load/vec4 v0x55fce08e5cc0_0;
    %load/vec4 v0x55fce08e60d0_0;
    %pad/u 12;
    %cmp/e;
    %jmp/0xz  T_26.4, 4;
    %pushi/vec4 2, 0, 2;
    %store/vec4 v0x55fce08e5d80_0, 0, 2;
    %jmp T_26.5;
T_26.4 ;
    %pushi/vec4 1, 0, 2;
    %store/vec4 v0x55fce08e5d80_0, 0, 2;
T_26.5 ;
    %jmp T_26.3;
T_26.2 ;
    %load/vec4 v0x55fce08e5cc0_0;
    %load/vec4 v0x55fce08e60d0_0;
    %pad/u 12;
    %sub;
    %load/vec4 v0x55fce08e61b0_0;
    %pad/u 12;
    %cmp/e;
    %jmp/0xz  T_26.6, 4;
    %pushi/vec4 0, 0, 2;
    %store/vec4 v0x55fce08e5d80_0, 0, 2;
    %jmp T_26.7;
T_26.6 ;
    %pushi/vec4 2, 0, 2;
    %store/vec4 v0x55fce08e5d80_0, 0, 2;
T_26.7 ;
    %jmp T_26.3;
T_26.3 ;
    %pop/vec4 1;
    %jmp T_26;
    .thread T_26, $push;
    .scope S_0x55fce08e5690;
T_27 ;
    %wait E_0x55fce08e5b40;
    %load/vec4 v0x55fce08e5ff0_0;
    %dup/vec4;
    %pushi/vec4 0, 0, 2;
    %cmp/u;
    %jmp/1 T_27.0, 6;
    %dup/vec4;
    %pushi/vec4 1, 0, 2;
    %cmp/u;
    %jmp/1 T_27.1, 6;
    %dup/vec4;
    %pushi/vec4 2, 0, 2;
    %cmp/u;
    %jmp/1 T_27.2, 6;
    %jmp T_27.3;
T_27.0 ;
    %pushi/vec4 0, 0, 1;
    %store/vec4 v0x55fce08e5ee0_0, 0, 1;
    %jmp T_27.3;
T_27.1 ;
    %pushi/vec4 0, 0, 1;
    %store/vec4 v0x55fce08e5ee0_0, 0, 1;
    %jmp T_27.3;
T_27.2 ;
    %pushi/vec4 1, 0, 1;
    %store/vec4 v0x55fce08e5ee0_0, 0, 1;
    %jmp T_27.3;
T_27.3 ;
    %pop/vec4 1;
    %jmp T_27;
    .thread T_27, $push;
    .scope S_0x55fce08dd240;
T_28 ;
    %pushi/vec4 0, 0, 2;
    %store/vec4 v0x55fce08ddb30_0, 0, 2;
    %end;
    .thread T_28;
    .scope S_0x55fce08dd240;
T_29 ;
    %wait E_0x55fce08c3bc0;
    %load/vec4 v0x55fce08dd9a0_0;
    %flag_set/vec4 8;
    %jmp/0xz  T_29.0, 8;
    %pushi/vec4 0, 0, 2;
    %assign/vec4 v0x55fce08ddb30_0, 0;
    %jmp T_29.1;
T_29.0 ;
    %load/vec4 v0x55fce08dd8e0_0;
    %assign/vec4 v0x55fce08ddb30_0, 0;
T_29.1 ;
    %jmp T_29;
    .thread T_29;
    .scope S_0x55fce08dd240;
T_30 ;
    %wait E_0x55fce08dd700;
    %load/vec4 v0x55fce08ddb30_0;
    %dup/vec4;
    %pushi/vec4 0, 0, 2;
    %cmp/u;
    %jmp/1 T_30.0, 6;
    %dup/vec4;
    %pushi/vec4 1, 0, 2;
    %cmp/u;
    %jmp/1 T_30.1, 6;
    %dup/vec4;
    %pushi/vec4 2, 0, 2;
    %cmp/u;
    %jmp/1 T_30.2, 6;
    %jmp T_30.3;
T_30.0 ;
    %pushi/vec4 1, 0, 2;
    %store/vec4 v0x55fce08dd8e0_0, 0, 2;
    %jmp T_30.3;
T_30.1 ;
    %load/vec4 v0x55fce08dd820_0;
    %load/vec4 v0x55fce08ddc10_0;
    %pad/u 12;
    %cmp/e;
    %jmp/0xz  T_30.4, 4;
    %pushi/vec4 2, 0, 2;
    %store/vec4 v0x55fce08dd8e0_0, 0, 2;
    %jmp T_30.5;
T_30.4 ;
    %pushi/vec4 1, 0, 2;
    %store/vec4 v0x55fce08dd8e0_0, 0, 2;
T_30.5 ;
    %jmp T_30.3;
T_30.2 ;
    %load/vec4 v0x55fce08dd820_0;
    %load/vec4 v0x55fce08ddc10_0;
    %pad/u 12;
    %sub;
    %load/vec4 v0x55fce08ddcf0_0;
    %pad/u 12;
    %cmp/e;
    %jmp/0xz  T_30.6, 4;
    %pushi/vec4 0, 0, 2;
    %store/vec4 v0x55fce08dd8e0_0, 0, 2;
    %jmp T_30.7;
T_30.6 ;
    %pushi/vec4 2, 0, 2;
    %store/vec4 v0x55fce08dd8e0_0, 0, 2;
T_30.7 ;
    %jmp T_30.3;
T_30.3 ;
    %pop/vec4 1;
    %jmp T_30;
    .thread T_30, $push;
    .scope S_0x55fce08dd240;
T_31 ;
    %wait E_0x55fce08dd6a0;
    %load/vec4 v0x55fce08ddb30_0;
    %dup/vec4;
    %pushi/vec4 0, 0, 2;
    %cmp/u;
    %jmp/1 T_31.0, 6;
    %dup/vec4;
    %pushi/vec4 1, 0, 2;
    %cmp/u;
    %jmp/1 T_31.1, 6;
    %dup/vec4;
    %pushi/vec4 2, 0, 2;
    %cmp/u;
    %jmp/1 T_31.2, 6;
    %jmp T_31.3;
T_31.0 ;
    %pushi/vec4 0, 0, 1;
    %store/vec4 v0x55fce08dda40_0, 0, 1;
    %jmp T_31.3;
T_31.1 ;
    %pushi/vec4 0, 0, 1;
    %store/vec4 v0x55fce08dda40_0, 0, 1;
    %jmp T_31.3;
T_31.2 ;
    %pushi/vec4 1, 0, 1;
    %store/vec4 v0x55fce08dda40_0, 0, 1;
    %jmp T_31.3;
T_31.3 ;
    %pop/vec4 1;
    %jmp T_31;
    .thread T_31, $push;
    .scope S_0x55fce08dded0;
T_32 ;
    %pushi/vec4 0, 0, 2;
    %store/vec4 v0x55fce08de890_0, 0, 2;
    %end;
    .thread T_32;
    .scope S_0x55fce08dded0;
T_33 ;
    %wait E_0x55fce08c3bc0;
    %load/vec4 v0x55fce08de690_0;
    %flag_set/vec4 8;
    %jmp/0xz  T_33.0, 8;
    %pushi/vec4 0, 0, 2;
    %assign/vec4 v0x55fce08de890_0, 0;
    %jmp T_33.1;
T_33.0 ;
    %load/vec4 v0x55fce08de5f0_0;
    %assign/vec4 v0x55fce08de890_0, 0;
T_33.1 ;
    %jmp T_33;
    .thread T_33;
    .scope S_0x55fce08dded0;
T_34 ;
    %wait E_0x55fce08de3c0;
    %load/vec4 v0x55fce08de890_0;
    %dup/vec4;
    %pushi/vec4 0, 0, 2;
    %cmp/u;
    %jmp/1 T_34.0, 6;
    %dup/vec4;
    %pushi/vec4 1, 0, 2;
    %cmp/u;
    %jmp/1 T_34.1, 6;
    %dup/vec4;
    %pushi/vec4 2, 0, 2;
    %cmp/u;
    %jmp/1 T_34.2, 6;
    %jmp T_34.3;
T_34.0 ;
    %pushi/vec4 1, 0, 2;
    %store/vec4 v0x55fce08de5f0_0, 0, 2;
    %jmp T_34.3;
T_34.1 ;
    %load/vec4 v0x55fce08de530_0;
    %load/vec4 v0x55fce08de970_0;
    %pad/u 12;
    %cmp/e;
    %jmp/0xz  T_34.4, 4;
    %pushi/vec4 2, 0, 2;
    %store/vec4 v0x55fce08de5f0_0, 0, 2;
    %jmp T_34.5;
T_34.4 ;
    %pushi/vec4 1, 0, 2;
    %store/vec4 v0x55fce08de5f0_0, 0, 2;
T_34.5 ;
    %jmp T_34.3;
T_34.2 ;
    %load/vec4 v0x55fce08de530_0;
    %load/vec4 v0x55fce08de970_0;
    %pad/u 12;
    %sub;
    %load/vec4 v0x55fce08dea50_0;
    %pad/u 12;
    %cmp/e;
    %jmp/0xz  T_34.6, 4;
    %pushi/vec4 0, 0, 2;
    %store/vec4 v0x55fce08de5f0_0, 0, 2;
    %jmp T_34.7;
T_34.6 ;
    %pushi/vec4 2, 0, 2;
    %store/vec4 v0x55fce08de5f0_0, 0, 2;
T_34.7 ;
    %jmp T_34.3;
T_34.3 ;
    %pop/vec4 1;
    %jmp T_34;
    .thread T_34, $push;
    .scope S_0x55fce08dded0;
T_35 ;
    %wait E_0x55fce08de360;
    %load/vec4 v0x55fce08de890_0;
    %dup/vec4;
    %pushi/vec4 0, 0, 2;
    %cmp/u;
    %jmp/1 T_35.0, 6;
    %dup/vec4;
    %pushi/vec4 1, 0, 2;
    %cmp/u;
    %jmp/1 T_35.1, 6;
    %dup/vec4;
    %pushi/vec4 2, 0, 2;
    %cmp/u;
    %jmp/1 T_35.2, 6;
    %jmp T_35.3;
T_35.0 ;
    %pushi/vec4 0, 0, 1;
    %store/vec4 v0x55fce08de780_0, 0, 1;
    %jmp T_35.3;
T_35.1 ;
    %pushi/vec4 0, 0, 1;
    %store/vec4 v0x55fce08de780_0, 0, 1;
    %jmp T_35.3;
T_35.2 ;
    %pushi/vec4 1, 0, 1;
    %store/vec4 v0x55fce08de780_0, 0, 1;
    %jmp T_35.3;
T_35.3 ;
    %pop/vec4 1;
    %jmp T_35;
    .thread T_35, $push;
    .scope S_0x55fce08dec30;
T_36 ;
    %pushi/vec4 0, 0, 2;
    %store/vec4 v0x55fce08df5e0_0, 0, 2;
    %end;
    .thread T_36;
    .scope S_0x55fce08dec30;
T_37 ;
    %wait E_0x55fce08c3bc0;
    %load/vec4 v0x55fce08df4f0_0;
    %flag_set/vec4 8;
    %jmp/0xz  T_37.0, 8;
    %pushi/vec4 0, 0, 2;
    %assign/vec4 v0x55fce08df5e0_0, 0;
    %jmp T_37.1;
T_37.0 ;
    %load/vec4 v0x55fce08df410_0;
    %assign/vec4 v0x55fce08df5e0_0, 0;
T_37.1 ;
    %jmp T_37;
    .thread T_37;
    .scope S_0x55fce08dec30;
T_38 ;
    %wait E_0x55fce08df140;
    %load/vec4 v0x55fce08df5e0_0;
    %dup/vec4;
    %pushi/vec4 0, 0, 2;
    %cmp/u;
    %jmp/1 T_38.0, 6;
    %dup/vec4;
    %pushi/vec4 1, 0, 2;
    %cmp/u;
    %jmp/1 T_38.1, 6;
    %dup/vec4;
    %pushi/vec4 2, 0, 2;
    %cmp/u;
    %jmp/1 T_38.2, 6;
    %jmp T_38.3;
T_38.0 ;
    %pushi/vec4 1, 0, 2;
    %store/vec4 v0x55fce08df410_0, 0, 2;
    %jmp T_38.3;
T_38.1 ;
    %load/vec4 v0x55fce08df260_0;
    %load/vec4 v0x55fce08df6c0_0;
    %pad/u 12;
    %cmp/e;
    %jmp/0xz  T_38.4, 4;
    %pushi/vec4 2, 0, 2;
    %store/vec4 v0x55fce08df410_0, 0, 2;
    %jmp T_38.5;
T_38.4 ;
    %pushi/vec4 1, 0, 2;
    %store/vec4 v0x55fce08df410_0, 0, 2;
T_38.5 ;
    %jmp T_38.3;
T_38.2 ;
    %load/vec4 v0x55fce08df260_0;
    %load/vec4 v0x55fce08df6c0_0;
    %pad/u 12;
    %sub;
    %load/vec4 v0x55fce08df7a0_0;
    %pad/u 12;
    %cmp/e;
    %jmp/0xz  T_38.6, 4;
    %pushi/vec4 0, 0, 2;
    %store/vec4 v0x55fce08df410_0, 0, 2;
    %jmp T_38.7;
T_38.6 ;
    %pushi/vec4 2, 0, 2;
    %store/vec4 v0x55fce08df410_0, 0, 2;
T_38.7 ;
    %jmp T_38.3;
T_38.3 ;
    %pop/vec4 1;
    %jmp T_38;
    .thread T_38, $push;
    .scope S_0x55fce08dec30;
T_39 ;
    %wait E_0x55fce08df0e0;
    %load/vec4 v0x55fce08df5e0_0;
    %dup/vec4;
    %pushi/vec4 0, 0, 2;
    %cmp/u;
    %jmp/1 T_39.0, 6;
    %dup/vec4;
    %pushi/vec4 1, 0, 2;
    %cmp/u;
    %jmp/1 T_39.1, 6;
    %dup/vec4;
    %pushi/vec4 2, 0, 2;
    %cmp/u;
    %jmp/1 T_39.2, 6;
    %jmp T_39.3;
T_39.0 ;
    %pushi/vec4 1, 0, 1;
    %store/vec4 v0x55fce08df370_0, 0, 1;
    %jmp T_39.3;
T_39.1 ;
    %pushi/vec4 0, 0, 1;
    %store/vec4 v0x55fce08df370_0, 0, 1;
    %jmp T_39.3;
T_39.2 ;
    %pushi/vec4 0, 0, 1;
    %store/vec4 v0x55fce08df370_0, 0, 1;
    %jmp T_39.3;
T_39.3 ;
    %pop/vec4 1;
    %jmp T_39;
    .thread T_39, $push;
    .scope S_0x55fce08df980;
T_40 ;
    %wait E_0x55fce08c3c00;
    %load/vec4 v0x55fce08dfd30_0;
    %flag_set/vec4 8;
    %jmp/0xz  T_40.0, 8;
    %pushi/vec4 0, 0, 12;
    %assign/vec4 v0x55fce08dff50_0, 0;
    %jmp T_40.1;
T_40.0 ;
    %load/vec4 v0x55fce08dfeb0_0;
    %flag_set/vec4 8;
    %jmp/0xz  T_40.2, 8;
    %load/vec4 v0x55fce08dff50_0;
    %addi 1, 0, 12;
    %assign/vec4 v0x55fce08dff50_0, 0;
T_40.2 ;
T_40.1 ;
    %jmp T_40;
    .thread T_40;
    .scope S_0x55fce089ae90;
T_41 ;
    %wait E_0x55fce0845d80;
    %load/vec4 v0x55fce08e7620_0;
    %assign/vec4 v0x55fce08e77a0_0, 0;
    %load/vec4 v0x55fce08e77a0_0;
    %assign/vec4 v0x55fce08e76e0_0, 0;
    %jmp T_41;
    .thread T_41;
    .scope S_0x55fce089ae90;
T_42 ;
    %wait E_0x55fce08463a0;
    %load/vec4 v0x55fce08eaa80_0;
    %assign/vec4 v0x55fce08eabc0_0, 0;
    %load/vec4 v0x55fce08eabc0_0;
    %assign/vec4 v0x55fce08eab20_0, 0;
    %jmp T_42;
    .thread T_42;
    .scope S_0x55fce089ae90;
T_43 ;
    %wait E_0x55fce08463a0;
    %load/vec4 v0x55fce08e7860_0;
    %assign/vec4 v0x55fce08e79e0_0, 0;
    %load/vec4 v0x55fce08e79e0_0;
    %assign/vec4 v0x55fce08e7920_0, 0;
    %jmp T_43;
    .thread T_43;
    .scope S_0x55fce089ae90;
T_44 ;
    %wait E_0x55fce08463a0;
    %load/vec4 v0x55fce08eac60_0;
    %assign/vec4 v0x55fce08eada0_0, 0;
    %load/vec4 v0x55fce08eada0_0;
    %assign/vec4 v0x55fce08ead00_0, 0;
    %jmp T_44;
    .thread T_44;
    .scope S_0x55fce089ae90;
T_45 ;
    %wait E_0x55fce08463a0;
    %load/vec4 v0x55fce08e7aa0_0;
    %assign/vec4 v0x55fce08e7c20_0, 0;
    %load/vec4 v0x55fce08e7c20_0;
    %assign/vec4 v0x55fce08e7b60_0, 0;
    %jmp T_45;
    .thread T_45;
# The file index is used to find the file name in the following table.
:file_names 3;
    "N/A";
    "<interactive>";
    "rlbp.v";
